#
# There is insufficient memory for the Java Runtime Environment to continue.
# Native memory allocation (malloc) failed to allocate 559216 bytes for Chunk::new
# Possible reasons:
#   The system is out of physical RAM or swap space
#   The process is running with CompressedOops enabled, and the Java Heap may be blocking the growth of the native heap
# Possible solutions:
#   Reduce memory load on the system
#   Increase physical memory or swap space
#   Check if swap backing store is full
#   Decrease Java heap size (-Xmx/-Xms)
#   Decrease number of Java threads
#   Decrease Java thread stack sizes (-Xss)
#   Set larger code cache with -XX:ReservedCodeCacheSize=
#   JVM is running with Unscaled Compressed Oops mode in which the Java heap is
#     placed in the first 4GB address space. The Java Heap base address is the
#     maximum limit for the native heap growth. Please use -XX:HeapBaseMinAddress
#     to set the Java Heap base and to place the Java Heap above 4GB virtual address.
# This output file may be truncated or incomplete.
#
#  Out of Memory Error (allocation.cpp:389), pid=11476, tid=0x0000000000003464
#
# JRE version: OpenJDK Runtime Environment (8.0_242-b01) (build 1.8.0_242-release-1644-b01)
# Java VM: OpenJDK 64-Bit Server VM (25.242-b01 mixed mode windows-amd64 compressed oops)
# Failed to write core dump. Minidumps are not enabled by default on client versions of Windows
#

---------------  T H R E A D  ---------------

Current thread (0x0000000016c05800):  JavaThread "C2 CompilerThread0" daemon [_thread_in_native, id=13412, stack(0x0000000018230000,0x0000000018330000)]

Stack: [0x0000000018230000,0x0000000018330000]
[error occurred during error reporting (printing stack bounds), id 0xc0000005]

Native frames: (J=compiled Java code, j=interpreted, Vv=VM code, C=native code)


Current CompileTask:
C2:  52267 11063       4       com.sun.tools.javac.code.Types$ImplementationCache::implementationInternal (134 bytes)


---------------  P R O C E S S  ---------------

Java Threads: ( => current thread )
  0x0000000019d04000 JavaThread "Cache worker for Java compile cache (C:\Android Studio Projects\PsDroid-Tracker\.gradle\6.5\javaCompile)" [_thread_blocked, id=9832, stack(0x000000002c450000,0x000000002c550000)]
  0x0000000019d05800 JavaThread "Cache worker for Java compile cache (C:\Users\Bhavesh Wadhia\.gradle\caches\6.5\javaCompile)" [_thread_blocked, id=6384, stack(0x000000002be50000,0x000000002bf50000)]
  0x0000000019d03800 JavaThread "stdout" [_thread_in_native, id=11316, stack(0x000000002c150000,0x000000002c250000)]
  0x0000000019d05000 JavaThread "stderr" [_thread_in_native, id=17248, stack(0x000000002c050000,0x000000002c150000)]
  0x0000000019d02000 JavaThread "pool-2-thread-1" [_thread_blocked, id=17012, stack(0x000000002bf50000,0x000000002c050000)]
  0x0000000019cff000 JavaThread "WorkerExecutor Queue" [_thread_blocked, id=20556, stack(0x000000002a920000,0x000000002aa20000)]
  0x000000001da29000 JavaThread "Cache worker for execution history cache (C:\Android Studio Projects\PsDroid-Tracker\.gradle\6.5\executionHistory)" [_thread_blocked, id=10612, stack(0x000000002a620000,0x000000002a720000)]
  0x000000001da2c000 JavaThread "Execution worker for ':' Thread 3" [_thread_blocked, id=15892, stack(0x000000002a520000,0x000000002a620000)]
  0x000000001da2b800 JavaThread "Execution worker for ':' Thread 2" [_thread_in_native, id=20904, stack(0x000000002a420000,0x000000002a520000)]
  0x000000001da2a800 JavaThread "Execution worker for ':'" [_thread_blocked, id=9624, stack(0x000000002a0e0000,0x000000002a1e0000)]
  0x000000001da28000 JavaThread "Cache worker for file content cache (C:\Android Studio Projects\PsDroid-Tracker\.gradle\6.5\fileContent)" [_thread_blocked, id=1368, stack(0x0000000029910000,0x0000000029a10000)]
  0x000000001da26800 JavaThread "Memory manager" [_thread_blocked, id=900, stack(0x0000000029160000,0x0000000029260000)]
  0x000000001da26000 JavaThread "Cache worker for Build Output Cleanup Cache (C:\Android Studio Projects\PsDroid-Tracker\.gradle\buildOutputCleanup)" [_thread_blocked, id=6496, stack(0x0000000028a60000,0x0000000028b60000)]
  0x000000001cd61800 JavaThread "jar transforms Thread 95" [_thread_blocked, id=15960, stack(0x0000000028760000,0x0000000028860000)]
  0x000000001cd60000 JavaThread "jar transforms Thread 94" [_thread_blocked, id=9204, stack(0x0000000028660000,0x0000000028760000)]
  0x000000001cd5c800 JavaThread "jar transforms Thread 93" [_thread_blocked, id=12336, stack(0x0000000028560000,0x0000000028660000)]
  0x000000001cd5f800 JavaThread "jar transforms Thread 92" [_thread_blocked, id=18812, stack(0x0000000028460000,0x0000000028560000)]
  0x000000001cd5e800 JavaThread "jar transforms Thread 91" [_thread_blocked, id=16000, stack(0x0000000028360000,0x0000000028460000)]
  0x000000001cd5b000 JavaThread "jar transforms Thread 90" [_thread_blocked, id=1200, stack(0x0000000028260000,0x0000000028360000)]
  0x000000001cd5e000 JavaThread "jar transforms Thread 89" [_thread_blocked, id=9572, stack(0x0000000028160000,0x0000000028260000)]
  0x000000001cd5d000 JavaThread "jar transforms Thread 88" [_thread_blocked, id=19000, stack(0x0000000028060000,0x0000000028160000)]
  0x000000001cd58800 JavaThread "jar transforms Thread 87" [_thread_blocked, id=5228, stack(0x0000000027f60000,0x0000000028060000)]
  0x000000001cd5b800 JavaThread "jar transforms Thread 86" [_thread_blocked, id=12168, stack(0x0000000027e60000,0x0000000027f60000)]
  0x000000001cd58000 JavaThread "jar transforms Thread 85" [_thread_blocked, id=7688, stack(0x0000000027d60000,0x0000000027e60000)]
  0x000000001cd5a000 JavaThread "jar transforms Thread 84" [_thread_blocked, id=9324, stack(0x0000000027c60000,0x0000000027d60000)]
  0x000000001cd59800 JavaThread "jar transforms Thread 83" [_thread_blocked, id=3648, stack(0x0000000027b60000,0x0000000027c60000)]
  0x000000001cd54000 JavaThread "jar transforms Thread 82" [_thread_blocked, id=15648, stack(0x0000000027a60000,0x0000000027b60000)]
  0x000000001cd57000 JavaThread "jar transforms Thread 81" [_thread_blocked, id=484, stack(0x0000000027960000,0x0000000027a60000)]
  0x000000001cd56800 JavaThread "jar transforms Thread 80" [_thread_blocked, id=5800, stack(0x0000000027860000,0x0000000027960000)]
  0x000000001cd52800 JavaThread "jar transforms Thread 79" [_thread_blocked, id=18160, stack(0x0000000027760000,0x0000000027860000)]
  0x000000001cd53800 JavaThread "jar transforms Thread 78" [_thread_blocked, id=14180, stack(0x0000000027660000,0x0000000027760000)]
  0x000000001cd55800 JavaThread "jar transforms Thread 77" [_thread_blocked, id=20032, stack(0x0000000027560000,0x0000000027660000)]
  0x000000001cd55000 JavaThread "jar transforms Thread 76" [_thread_blocked, id=10680, stack(0x0000000027460000,0x0000000027560000)]
  0x000000001ffb2800 JavaThread "jar transforms Thread 75" [_thread_blocked, id=12848, stack(0x0000000027360000,0x0000000027460000)]
  0x000000001ffb2000 JavaThread "jar transforms Thread 74" [_thread_blocked, id=18924, stack(0x0000000027260000,0x0000000027360000)]
  0x000000001ffb4000 JavaThread "jar transforms Thread 73" [_thread_blocked, id=9720, stack(0x0000000027160000,0x0000000027260000)]
  0x000000001ffb3800 JavaThread "jar transforms Thread 72" [_thread_blocked, id=1984, stack(0x0000000027060000,0x0000000027160000)]
  0x000000001ffae000 JavaThread "jar transforms Thread 71" [_thread_blocked, id=16144, stack(0x0000000026f60000,0x0000000027060000)]
  0x000000001ffb1000 JavaThread "jar transforms Thread 70" [_thread_blocked, id=19560, stack(0x0000000026e60000,0x0000000026f60000)]
  0x000000001ffad800 JavaThread "jar transforms Thread 69" [_thread_blocked, id=13204, stack(0x0000000026d60000,0x0000000026e60000)]
  0x000000001ffaf000 JavaThread "jar transforms Thread 68" [_thread_blocked, id=4168, stack(0x0000000026c60000,0x0000000026d60000)]
  0x000000001ffaf800 JavaThread "jar transforms Thread 67" [_thread_blocked, id=20276, stack(0x0000000026b60000,0x0000000026c60000)]
  0x000000001ffb0800 JavaThread "jar transforms Thread 66" [_thread_blocked, id=6804, stack(0x0000000026a60000,0x0000000026b60000)]
  0x000000001ffac800 JavaThread "jar transforms Thread 65" [_thread_blocked, id=13044, stack(0x0000000026960000,0x0000000026a60000)]
  0x000000001ffa9000 JavaThread "jar transforms Thread 64" [_thread_blocked, id=18336, stack(0x0000000026860000,0x0000000026960000)]
  0x000000001ffaa800 JavaThread "jar transforms Thread 63" [_thread_blocked, id=19320, stack(0x0000000026760000,0x0000000026860000)]
  0x000000001ffa9800 JavaThread "jar transforms Thread 62" [_thread_blocked, id=8256, stack(0x0000000026660000,0x0000000026760000)]
  0x000000001ffac000 JavaThread "jar transforms Thread 61" [_thread_blocked, id=21096, stack(0x0000000026560000,0x0000000026660000)]
  0x000000001ffab000 JavaThread "jar transforms Thread 60" [_thread_blocked, id=11144, stack(0x0000000026460000,0x0000000026560000)]
  0x000000001ffa5000 JavaThread "jar transforms Thread 59" [_thread_blocked, id=6056, stack(0x0000000026360000,0x0000000026460000)]
  0x000000001ffa6800 JavaThread "jar transforms Thread 58" [_thread_blocked, id=5244, stack(0x0000000026260000,0x0000000026360000)]
  0x000000001ffa7800 JavaThread "jar transforms Thread 57" [_thread_blocked, id=10464, stack(0x0000000026160000,0x0000000026260000)]
  0x000000001ffa6000 JavaThread "jar transforms Thread 56" [_thread_blocked, id=13176, stack(0x0000000026060000,0x0000000026160000)]
  0x000000001ffa8000 JavaThread "jar transforms Thread 55" [_thread_blocked, id=3800, stack(0x0000000025f60000,0x0000000026060000)]
  0x000000001a05b000 JavaThread "jar transforms Thread 54" [_thread_blocked, id=17136, stack(0x0000000025e60000,0x0000000025f60000)]
  0x000000001a05a800 JavaThread "jar transforms Thread 53" [_thread_blocked, id=15588, stack(0x0000000025d60000,0x0000000025e60000)]
  0x000000001a059000 JavaThread "jar transforms Thread 52" [_thread_blocked, id=21256, stack(0x0000000025c60000,0x0000000025d60000)]
  0x000000001a059800 JavaThread "jar transforms Thread 51" [_thread_blocked, id=15340, stack(0x0000000025b60000,0x0000000025c60000)]
  0x000000001a056000 JavaThread "jar transforms Thread 50" [_thread_blocked, id=11728, stack(0x0000000025a60000,0x0000000025b60000)]
  0x000000001a058000 JavaThread "jar transforms Thread 49" [_thread_blocked, id=6008, stack(0x0000000025960000,0x0000000025a60000)]
  0x000000001a055000 JavaThread "jar transforms Thread 48" [_thread_blocked, id=764, stack(0x0000000025860000,0x0000000025960000)]
  0x000000001a057800 JavaThread "jar transforms Thread 47" [_thread_blocked, id=5140, stack(0x0000000025760000,0x0000000025860000)]
  0x000000001a056800 JavaThread "jar transforms Thread 46" [_thread_blocked, id=1364, stack(0x0000000025660000,0x0000000025760000)]
  0x000000001a051000 JavaThread "jar transforms Thread 45" [_thread_blocked, id=2984, stack(0x0000000025560000,0x0000000025660000)]
  0x000000001a052000 JavaThread "jar transforms Thread 44" [_thread_blocked, id=1516, stack(0x0000000025460000,0x0000000025560000)]
  0x000000001a054800 JavaThread "jar transforms Thread 43" [_thread_blocked, id=2844, stack(0x0000000025360000,0x0000000025460000)]
  0x000000001a053800 JavaThread "jar transforms Thread 42" [_thread_blocked, id=18676, stack(0x0000000025260000,0x0000000025360000)]
  0x000000001a053000 JavaThread "jar transforms Thread 41" [_thread_blocked, id=2908, stack(0x0000000025160000,0x0000000025260000)]
  0x000000001a04d800 JavaThread "jar transforms Thread 40" [_thread_blocked, id=16100, stack(0x0000000025060000,0x0000000025160000)]
  0x000000001a050800 JavaThread "jar transforms Thread 39" [_thread_blocked, id=7600, stack(0x0000000024f60000,0x0000000025060000)]
  0x000000001a04c800 JavaThread "jar transforms Thread 38" [_thread_blocked, id=20616, stack(0x0000000024e60000,0x0000000024f60000)]
  0x000000001a04f800 JavaThread "jar transforms Thread 37" [_thread_blocked, id=8524, stack(0x0000000024d60000,0x0000000024e60000)]
  0x000000001a04c000 JavaThread "jar transforms Thread 36" [_thread_blocked, id=11356, stack(0x0000000024c60000,0x0000000024d60000)]
  0x000000001a04e000 JavaThread "jar transforms Thread 35" [_thread_blocked, id=20496, stack(0x0000000024b60000,0x0000000024c60000)]
  0x000000001a04f000 JavaThread "jar transforms Thread 34" [_thread_blocked, id=12872, stack(0x0000000024a60000,0x0000000024b60000)]
  0x000000001ee11800 JavaThread "jar transforms Thread 33" [_thread_blocked, id=9472, stack(0x0000000024960000,0x0000000024a60000)]
  0x000000001ee10800 JavaThread "jar transforms Thread 32" [_thread_blocked, id=20236, stack(0x0000000024860000,0x0000000024960000)]
  0x000000001ee0f000 JavaThread "jar transforms Thread 31" [_thread_blocked, id=8772, stack(0x0000000024760000,0x0000000024860000)]
  0x000000001ee12000 JavaThread "jar transforms Thread 30" [_thread_blocked, id=4924, stack(0x0000000024660000,0x0000000024760000)]
  0x000000001ee0d000 JavaThread "jar transforms Thread 29" [_thread_blocked, id=15020, stack(0x0000000024560000,0x0000000024660000)]
  0x000000001ee0e800 JavaThread "jar transforms Thread 28" [_thread_blocked, id=15652, stack(0x0000000024460000,0x0000000024560000)]
  0x000000001ee10000 JavaThread "jar transforms Thread 27" [_thread_blocked, id=15004, stack(0x0000000024360000,0x0000000024460000)]
  0x000000001ee0d800 JavaThread "jar transforms Thread 26" [_thread_blocked, id=12104, stack(0x0000000024260000,0x0000000024360000)]
  0x000000001ee0b800 JavaThread "jar transforms Thread 25" [_thread_blocked, id=12620, stack(0x0000000024160000,0x0000000024260000)]
  0x000000001ee0c000 JavaThread "jar transforms Thread 24" [_thread_blocked, id=19612, stack(0x0000000024060000,0x0000000024160000)]
  0x000000001ee07800 JavaThread "jar transforms Thread 23" [_thread_blocked, id=12360, stack(0x0000000023f60000,0x0000000024060000)]
  0x000000001ee0a800 JavaThread "jar transforms Thread 22" [_thread_blocked, id=16432, stack(0x0000000023e60000,0x0000000023f60000)]
  0x000000001ee09000 JavaThread "jar transforms Thread 21" [_thread_blocked, id=20560, stack(0x0000000023d60000,0x0000000023e60000)]
  0x000000001ee0a000 JavaThread "jar transforms Thread 20" [_thread_blocked, id=18024, stack(0x0000000023c60000,0x0000000023d60000)]
  0x000000001ee08800 JavaThread "jar transforms Thread 19" [_thread_blocked, id=7132, stack(0x0000000023b60000,0x0000000023c60000)]
  0x000000001ee04800 JavaThread "jar transforms Thread 18" [_thread_blocked, id=21376, stack(0x0000000023a60000,0x0000000023b60000)]
  0x000000001ee05800 JavaThread "jar transforms Thread 17" [_thread_blocked, id=20668, stack(0x0000000023960000,0x0000000023a60000)]
  0x000000001ee07000 JavaThread "jar transforms Thread 16" [_thread_blocked, id=9848, stack(0x0000000023860000,0x0000000023960000)]
  0x000000001ee04000 JavaThread "jar transforms Thread 15" [_thread_blocked, id=9372, stack(0x0000000023760000,0x0000000023860000)]
  0x000000001ee03000 JavaThread "jar transforms Thread 14" [_thread_blocked, id=3436, stack(0x0000000023660000,0x0000000023760000)]
  0x000000001ee06000 JavaThread "jar transforms Thread 13" [_thread_blocked, id=16388, stack(0x0000000023560000,0x0000000023660000)]
  0x0000000020104800 JavaThread "jar transforms Thread 12" [_thread_blocked, id=9584, stack(0x0000000023460000,0x0000000023560000)]
  0x0000000020102000 JavaThread "jar transforms Thread 11" [_thread_blocked, id=12768, stack(0x0000000023360000,0x0000000023460000)]
  0x0000000020103800 JavaThread "jar transforms Thread 10" [_thread_blocked, id=18644, stack(0x0000000023260000,0x0000000023360000)]
  0x0000000020103000 JavaThread "jar transforms Thread 9" [_thread_blocked, id=18332, stack(0x0000000023160000,0x0000000023260000)]
  0x00000000200fe800 JavaThread "jar transforms Thread 8" [_thread_blocked, id=3204, stack(0x0000000023060000,0x0000000023160000)]
  0x0000000020100800 JavaThread "jar transforms Thread 7" [_thread_blocked, id=10684, stack(0x0000000022f60000,0x0000000023060000)]
  0x0000000020101800 JavaThread "jar transforms Thread 6" [_thread_blocked, id=4860, stack(0x0000000022e60000,0x0000000022f60000)]
  0x00000000200ff000 JavaThread "jar transforms Thread 5" [_thread_blocked, id=4644, stack(0x0000000022d60000,0x0000000022e60000)]
  0x0000000020100000 JavaThread "jar transforms Thread 4" [_thread_blocked, id=7112, stack(0x0000000022c60000,0x0000000022d60000)]
  0x00000000200fa800 JavaThread "jar transforms Thread 3" [_thread_blocked, id=11244, stack(0x0000000022b60000,0x0000000022c60000)]
  0x00000000200fd000 JavaThread "jar transforms Thread 2" [_thread_blocked, id=6348, stack(0x0000000022a60000,0x0000000022b60000)]
  0x00000000200fd800 JavaThread "Build operations Thread 4" [_thread_blocked, id=8744, stack(0x0000000022960000,0x0000000022a60000)]
  0x00000000200f9800 JavaThread "Build operations Thread 3" [_thread_blocked, id=16796, stack(0x0000000022860000,0x0000000022960000)]
  0x00000000200fc000 JavaThread "Build operations Thread 2" [_thread_blocked, id=10992, stack(0x0000000022760000,0x0000000022860000)]
  0x00000000200fb800 JavaThread "Build operations" [_thread_blocked, id=18008, stack(0x0000000022660000,0x0000000022760000)]
  0x000000001a785800 JavaThread "Cache worker for file content cache (C:\Users\Bhavesh Wadhia\.gradle\caches\6.5\fileContent)" [_thread_blocked, id=21036, stack(0x0000000021f60000,0x0000000022060000)]
  0x000000001a785000 JavaThread "jar transforms" [_thread_blocked, id=15564, stack(0x000000001f4a0000,0x000000001f5a0000)]
  0x000000001a783800 JavaThread "Cache worker for execution history cache (C:\Users\Bhavesh Wadhia\.gradle\caches\6.5\executionHistory)" [_thread_blocked, id=10772, stack(0x000000001f3a0000,0x000000001f4a0000)]
  0x000000001a782800 JavaThread "Cache worker for cache directory md-rule (C:\Users\Bhavesh Wadhia\.gradle\caches\6.5\md-rule)" [_thread_blocked, id=18552, stack(0x000000001f2a0000,0x000000001f3a0000)]
  0x000000001a77f000 JavaThread "Cache worker for cache directory md-supplier (C:\Users\Bhavesh Wadhia\.gradle\caches\6.5\md-supplier)" [_thread_blocked, id=8528, stack(0x000000001f1a0000,0x000000001f2a0000)]
  0x000000001a782000 JavaThread "Cache worker for checksums cache (C:\Android Studio Projects\PsDroid-Tracker\.gradle\checksums)" [_thread_blocked, id=10308, stack(0x000000001f0a0000,0x000000001f1a0000)]
  0x000000001a780800 JavaThread "Cache worker for file hash cache (C:\Android Studio Projects\PsDroid-Tracker\.gradle\6.5\fileHashes)" [_thread_blocked, id=18588, stack(0x0000000020a90000,0x0000000020b90000)]
  0x000000001a781000 JavaThread "Cache worker for file hash cache (C:\Users\Bhavesh Wadhia\.gradle\caches\6.5\fileHashes)" [_thread_blocked, id=4908, stack(0x000000001cc00000,0x000000001cd00000)]
  0x000000001a77f800 JavaThread "File lock request listener" [_thread_in_native, id=13440, stack(0x000000001cb00000,0x000000001cc00000)]
  0x000000001a76c000 JavaThread "Cache worker for journal cache (C:\Users\Bhavesh Wadhia\.gradle\caches\journal-1)" [_thread_blocked, id=17108, stack(0x000000001c900000,0x000000001ca00000)]
  0x000000001a70b800 JavaThread "Thread-9" [_thread_blocked, id=14448, stack(0x000000001c600000,0x000000001c700000)]
  0x000000001a73d000 JavaThread "Stdin handler" [_thread_blocked, id=12740, stack(0x000000001c500000,0x000000001c600000)]
  0x000000001a6b7000 JavaThread "Asynchronous log dispatcher for DefaultDaemonConnection: socket connection from /127.0.0.1:54478 to /127.0.0.1:54479" [_thread_blocked, id=9728, stack(0x000000001c400000,0x000000001c500000)]
  0x000000001a6b5800 JavaThread "Daemon worker" [_thread_blocked, id=12696, stack(0x000000001c300000,0x000000001c400000)]
  0x000000001a744000 JavaThread "Cancel handler" [_thread_blocked, id=8856, stack(0x000000001c200000,0x000000001c300000)]
  0x000000001a693800 JavaThread "Handler for socket connection from /127.0.0.1:54478 to /127.0.0.1:54479" [_thread_in_native, id=17076, stack(0x000000001c100000,0x000000001c200000)]
  0x000000001a5c6800 JavaThread "Daemon" [_thread_blocked, id=16972, stack(0x000000001c000000,0x000000001c100000)]
  0x000000001a5c5800 JavaThread "Daemon periodic checks" [_thread_blocked, id=10180, stack(0x000000001bd00000,0x000000001be00000)]
  0x000000001a539000 JavaThread "Incoming local TCP Connector on port 54478" [_thread_in_native, id=17776, stack(0x000000001bb10000,0x000000001bc10000)]
  0x000000001a26e000 JavaThread "Daemon health stats" [_thread_blocked, id=9764, stack(0x000000001b530000,0x000000001b630000)]
  0x0000000018560800 JavaThread "Service Thread" daemon [_thread_blocked, id=10100, stack(0x0000000018930000,0x0000000018a30000)]
  0x0000000016c1b800 JavaThread "C1 CompilerThread2" daemon [_thread_blocked, id=11496, stack(0x0000000018430000,0x0000000018530000)]
  0x0000000016c0a800 JavaThread "C2 CompilerThread1" daemon [_thread_in_native, id=4012, stack(0x0000000018330000,0x0000000018430000)]
=>0x0000000016c05800 JavaThread "C2 CompilerThread0" daemon [_thread_in_native, id=13412, stack(0x0000000018230000,0x0000000018330000)]
  0x0000000016c04000 JavaThread "Attach Listener" daemon [_thread_blocked, id=19304, stack(0x0000000018130000,0x0000000018230000)]
  0x0000000016c02800 JavaThread "Signal Dispatcher" daemon [_thread_blocked, id=15176, stack(0x0000000018030000,0x0000000018130000)]
  0x0000000001fdb800 JavaThread "Finalizer" daemon [_thread_blocked, id=20360, stack(0x0000000017e50000,0x0000000017f50000)]
  0x0000000016be9000 JavaThread "Reference Handler" daemon [_thread_blocked, id=10348, stack(0x0000000017d50000,0x0000000017e50000)]
  0x000000000063e000 JavaThread "main" [_thread_blocked, id=10716, stack(0x0000000001de0000,0x0000000001ee0000)]

Other Threads:
  0x0000000016bc5800 VMThread [stack: 0x0000000017c50000,0x0000000017d50000] [id=15232]
  0x0000000018563000 WatcherThread [stack: 0x0000000018a30000,0x0000000018b30000] [id=18508]

VM state:not at safepoint (normal execution)

VM Mutex/Monitor currently owned by a thread: None

heap address: 0x0000000080000000, size: 2048 MB, Compressed Oops mode: 32-bit
Narrow klass base: 0x0000000000000000, Narrow klass shift: 3
Compressed class space size: 1073741824 Address: 0x0000000100000000

Heap:
 PSYoungGen      total 327168K, used 70397K [0x00000000d5580000, 0x00000000ef600000, 0x0000000100000000)
  eden space 301568K, 16% used [0x00000000d5580000,0x00000000d84be858,0x00000000e7c00000)
  from space 25600K, 86% used [0x00000000e7c00000,0x00000000e9180da8,0x00000000e9500000)
  to   space 28672K, 0% used [0x00000000eda00000,0x00000000eda00000,0x00000000ef600000)
 ParOldGen       total 86528K, used 47525K [0x0000000080000000, 0x0000000085480000, 0x00000000d5580000)
  object space 86528K, 54% used [0x0000000080000000,0x0000000082e695a8,0x0000000085480000)
 Metaspace       used 75430K, capacity 78748K, committed 78888K, reserved 1118208K
  class space    used 10122K, capacity 10787K, committed 10792K, reserved 1048576K

Card table byte_map: [0x00000000113a0000,0x00000000117b0000] byte_map_base: 0x0000000010fa0000

Marking Bits: (ParMarkBitMap*) 0x0000000064cdf030
 Begin Bits: [0x0000000011e60000, 0x0000000013e60000)
 End Bits:   [0x0000000013e60000, 0x0000000015e60000)

Polling page: 0x00000000005e0000

CodeCache: size=245760Kb used=32345Kb max_used=32359Kb free=213414Kb
 bounds [0x0000000001fe0000, 0x0000000003fa0000, 0x0000000010fe0000]
 total_blobs=10583 nmethods=9753 adapters=742
 compilation: enabled

Compilation events (10 events):
Event: 52.234 Thread 0x0000000016c0a800 11052       4       com.sun.tools.javac.code.Types::capture (573 bytes)
Event: 52.237 Thread 0x0000000016c1b800 nmethod 11119 0x0000000003f8ac10 code [0x0000000003f8b3e0, 0x0000000003f90d78]
Event: 52.237 Thread 0x0000000016c1b800 11117       2       com.sun.tools.javac.comp.Resolve::findMemberType (33 bytes)
Event: 52.237 Thread 0x0000000016c1b800 nmethod 11117 0x0000000003f83bd0 code [0x0000000003f83d40, 0x0000000003f83f38]
Event: 52.237 Thread 0x0000000016c1b800 11118       3       com.sun.tools.javac.comp.Resolve::adjustArgs (121 bytes)
Event: 52.240 Thread 0x0000000016c1b800 nmethod 11118 0x0000000003f94250 code [0x0000000003f945e0, 0x0000000003f96728]
Event: 52.240 Thread 0x0000000016c1b800 11120       3       com.sun.tools.javac.code.Types$10::apply (9 bytes)
Event: 52.241 Thread 0x0000000016c1b800 nmethod 11120 0x0000000003f837d0 code [0x0000000003f83940, 0x0000000003f83ae8]
Event: 52.241 Thread 0x0000000016c1b800 11116       3       com.sun.tools.javac.comp.Attr::visitExec (25 bytes)
Event: 52.241 Thread 0x0000000016c1b800 nmethod 11116 0x0000000003f82d50 code [0x0000000003f82f00, 0x0000000003f83488]

GC Heap History (10 events):
Event: 14.286 GC heap before
{Heap before GC invocations=14 (full 2):
 PSYoungGen      total 197120K, used 197099K [0x00000000d5580000, 0x00000000e5980000, 0x0000000100000000)
  eden space 184320K, 100% used [0x00000000d5580000,0x00000000e0980000,0x00000000e0980000)
  from space 12800K, 99% used [0x00000000e0980000,0x00000000e15fac58,0x00000000e1600000)
  to   space 15872K, 0% used [0x00000000e4a00000,0x00000000e4a00000,0x00000000e5980000)
 ParOldGen       total 50688K, used 18310K [0x0000000080000000, 0x0000000083180000, 0x00000000d5580000)
  object space 50688K, 36% used [0x0000000080000000,0x00000000811e1a60,0x0000000083180000)
 Metaspace       used 56097K, capacity 58418K, committed 58664K, reserved 1099776K
  class space    used 7644K, capacity 8153K, committed 8232K, reserved 1048576K
Event: 14.338 GC heap after
Heap after GC invocations=14 (full 2):
 PSYoungGen      total 243200K, used 15865K [0x00000000d5580000, 0x00000000e6480000, 0x0000000100000000)
  eden space 227328K, 0% used [0x00000000d5580000,0x00000000d5580000,0x00000000e3380000)
  from space 15872K, 99% used [0x00000000e4a00000,0x00000000e597e620,0x00000000e5980000)
  to   space 23040K, 0% used [0x00000000e3380000,0x00000000e3380000,0x00000000e4a00000)
 ParOldGen       total 50688K, used 32039K [0x0000000080000000, 0x0000000083180000, 0x00000000d5580000)
  object space 50688K, 63% used [0x0000000080000000,0x0000000081f49f58,0x0000000083180000)
 Metaspace       used 56097K, capacity 58418K, committed 58664K, reserved 1099776K
  class space    used 7644K, capacity 8153K, committed 8232K, reserved 1048576K
}
Event: 14.567 GC heap before
{Heap before GC invocations=15 (full 2):
 PSYoungGen      total 243200K, used 27649K [0x00000000d5580000, 0x00000000e6480000, 0x0000000100000000)
  eden space 227328K, 5% used [0x00000000d5580000,0x00000000d6102168,0x00000000e3380000)
  from space 15872K, 99% used [0x00000000e4a00000,0x00000000e597e620,0x00000000e5980000)
  to   space 23040K, 0% used [0x00000000e3380000,0x00000000e3380000,0x00000000e4a00000)
 ParOldGen       total 50688K, used 32039K [0x0000000080000000, 0x0000000083180000, 0x00000000d5580000)
  object space 50688K, 63% used [0x0000000080000000,0x0000000081f49f58,0x0000000083180000)
 Metaspace       used 56731K, capacity 59068K, committed 59160K, reserved 1099776K
  class space    used 7753K, capacity 8270K, committed 8360K, reserved 1048576K
Event: 14.600 GC heap after
Heap after GC invocations=15 (full 2):
 PSYoungGen      total 250368K, used 864K [0x00000000d5580000, 0x00000000eb280000, 0x0000000100000000)
  eden space 227328K, 0% used [0x00000000d5580000,0x00000000d5580000,0x00000000e3380000)
  from space 23040K, 3% used [0x00000000e3380000,0x00000000e3458000,0x00000000e4a00000)
  to   space 23552K, 0% used [0x00000000e9b80000,0x00000000e9b80000,0x00000000eb280000)
 ParOldGen       total 50688K, used 45454K [0x0000000080000000, 0x0000000083180000, 0x00000000d5580000)
  object space 50688K, 89% used [0x0000000080000000,0x0000000082c638d8,0x0000000083180000)
 Metaspace       used 56731K, capacity 59068K, committed 59160K, reserved 1099776K
  class space    used 7753K, capacity 8270K, committed 8360K, reserved 1048576K
}
Event: 14.600 GC heap before
{Heap before GC invocations=16 (full 3):
 PSYoungGen      total 250368K, used 864K [0x00000000d5580000, 0x00000000eb280000, 0x0000000100000000)
  eden space 227328K, 0% used [0x00000000d5580000,0x00000000d5580000,0x00000000e3380000)
  from space 23040K, 3% used [0x00000000e3380000,0x00000000e3458000,0x00000000e4a00000)
  to   space 23552K, 0% used [0x00000000e9b80000,0x00000000e9b80000,0x00000000eb280000)
 ParOldGen       total 50688K, used 45454K [0x0000000080000000, 0x0000000083180000, 0x00000000d5580000)
  object space 50688K, 89% used [0x0000000080000000,0x0000000082c638d8,0x0000000083180000)
 Metaspace       used 56731K, capacity 59068K, committed 59160K, reserved 1099776K
  class space    used 7753K, capacity 8270K, committed 8360K, reserved 1048576K
Event: 15.012 GC heap after
Heap after GC invocations=16 (full 3):
 PSYoungGen      total 250368K, used 0K [0x00000000d5580000, 0x00000000eb280000, 0x0000000100000000)
  eden space 227328K, 0% used [0x00000000d5580000,0x00000000d5580000,0x00000000e3380000)
  from space 23040K, 0% used [0x00000000e3380000,0x00000000e3380000,0x00000000e4a00000)
  to   space 23552K, 0% used [0x00000000e9b80000,0x00000000e9b80000,0x00000000eb280000)
 ParOldGen       total 86528K, used 34519K [0x0000000080000000, 0x0000000085480000, 0x00000000d5580000)
  object space 86528K, 39% used [0x0000000080000000,0x00000000821b5fd0,0x0000000085480000)
 Metaspace       used 56711K, capacity 59002K, committed 59160K, reserved 1099776K
  class space    used 7747K, capacity 8259K, committed 8360K, reserved 1048576K
}
Event: 22.375 GC heap before
{Heap before GC invocations=17 (full 3):
 PSYoungGen      total 250368K, used 227328K [0x00000000d5580000, 0x00000000eb280000, 0x0000000100000000)
  eden space 227328K, 100% used [0x00000000d5580000,0x00000000e3380000,0x00000000e3380000)
  from space 23040K, 0% used [0x00000000e3380000,0x00000000e3380000,0x00000000e4a00000)
  to   space 23552K, 0% used [0x00000000e9b80000,0x00000000e9b80000,0x00000000eb280000)
 ParOldGen       total 86528K, used 34519K [0x0000000080000000, 0x0000000085480000, 0x00000000d5580000)
  object space 86528K, 39% used [0x0000000080000000,0x00000000821b5fd0,0x0000000085480000)
 Metaspace       used 64165K, capacity 67068K, committed 67368K, reserved 1107968K
  class space    used 8809K, capacity 9442K, committed 9512K, reserved 1048576K
Event: 22.402 GC heap after
Heap after GC invocations=17 (full 3):
 PSYoungGen      total 313344K, used 18466K [0x00000000d5580000, 0x00000000eae00000, 0x0000000100000000)
  eden space 294400K, 0% used [0x00000000d5580000,0x00000000d5580000,0x00000000e7500000)
  from space 18944K, 97% used [0x00000000e9b80000,0x00000000ead888c8,0x00000000eae00000)
  to   space 25600K, 0% used [0x00000000e7c00000,0x00000000e7c00000,0x00000000e9500000)
 ParOldGen       total 86528K, used 34527K [0x0000000080000000, 0x0000000085480000, 0x00000000d5580000)
  object space 86528K, 39% used [0x0000000080000000,0x00000000821b7fd0,0x0000000085480000)
 Metaspace       used 64165K, capacity 67068K, committed 67368K, reserved 1107968K
  class space    used 8809K, capacity 9442K, committed 9512K, reserved 1048576K
}
Event: 50.337 GC heap before
{Heap before GC invocations=18 (full 3):
 PSYoungGen      total 313344K, used 312866K [0x00000000d5580000, 0x00000000eae00000, 0x0000000100000000)
  eden space 294400K, 100% used [0x00000000d5580000,0x00000000e7500000,0x00000000e7500000)
  from space 18944K, 97% used [0x00000000e9b80000,0x00000000ead888c8,0x00000000eae00000)
  to   space 25600K, 0% used [0x00000000e7c00000,0x00000000e7c00000,0x00000000e9500000)
 ParOldGen       total 86528K, used 34527K [0x0000000080000000, 0x0000000085480000, 0x00000000d5580000)
  object space 86528K, 39% used [0x0000000080000000,0x00000000821b7fd0,0x0000000085480000)
 Metaspace       used 73571K, capacity 76838K, committed 76968K, reserved 1116160K
  class space    used 9970K, capacity 10622K, committed 10664K, reserved 1048576K
Event: 50.392 GC heap after
Heap after GC invocations=18 (full 3):
 PSYoungGen      total 327168K, used 22019K [0x00000000d5580000, 0x00000000ef600000, 0x0000000100000000)
  eden space 301568K, 0% used [0x00000000d5580000,0x00000000d5580000,0x00000000e7c00000)
  from space 25600K, 86% used [0x00000000e7c00000,0x00000000e9180da8,0x00000000e9500000)
  to   space 28672K, 0% used [0x00000000eda00000,0x00000000eda00000,0x00000000ef600000)
 ParOldGen       total 86528K, used 47525K [0x0000000080000000, 0x0000000085480000, 0x00000000d5580000)
  object space 86528K, 54% used [0x0000000080000000,0x0000000082e695a8,0x0000000085480000)
 Metaspace       used 73571K, capacity 76838K, committed 76968K, reserved 1116160K
  class space    used 9970K, capacity 10622K, committed 10664K, reserved 1048576K
}

Deoptimization events (10 events):
Event: 51.848 Thread 0x000000001da2b800 Uncommon trap: reason=unstable_if action=reinterpret pc=0x0000000003d83dd0 method=com.sun.tools.javac.code.Symbol.hiddenInInternal(Lcom/sun/tools/javac/code/Symbol$ClassSymbol;Lcom/sun/tools/javac/code/Types;)Lcom/sun/tools/javac/code/Symbol; @ 40
Event: 51.851 Thread 0x000000001da2b800 Uncommon trap: reason=bimorphic action=maybe_recompile pc=0x00000000039d93e8 method=java.util.stream.AbstractPipeline.copyIntoWithCancel(Ljava/util/stream/Sink;Ljava/util/Spliterator;)V @ 24
Event: 51.876 Thread 0x000000001da2b800 Uncommon trap: reason=bimorphic action=maybe_recompile pc=0x0000000003669458 method=java.util.stream.AbstractPipeline.copyIntoWithCancel(Ljava/util/stream/Sink;Ljava/util/Spliterator;)V @ 24
Event: 51.889 Thread 0x000000001da2b800 Uncommon trap: reason=class_check action=maybe_recompile pc=0x0000000003db728c method=com.sun.tools.javac.code.Type$ClassType.allparams()Lcom/sun/tools/javac/util/List; @ 16
Event: 51.977 Thread 0x000000001da2b800 Uncommon trap: reason=unstable_if action=reinterpret pc=0x0000000003b662f4 method=com.sun.tools.javac.jvm.ClassReader.sigToType()Lcom/sun/tools/javac/code/Type; @ 697
Event: 51.978 Thread 0x000000001da2b800 Uncommon trap: reason=unstable_if action=reinterpret pc=0x0000000003da4f1c method=com.sun.tools.javac.code.Scope.dble()V @ 44
Event: 52.107 Thread 0x000000001da2b800 Uncommon trap: reason=class_check action=maybe_recompile pc=0x0000000003ebdd88 method=com.sun.tools.javac.code.Types$14.visitClassType(Lcom/sun/tools/javac/code/Type$ClassType;Lcom/sun/tools/javac/code/Symbol;)Lcom/sun/tools/javac/code/Type; @ 44
Event: 52.109 Thread 0x000000001da2b800 Uncommon trap: reason=class_check action=maybe_recompile pc=0x0000000003ebdd88 method=com.sun.tools.javac.code.Types$14.visitClassType(Lcom/sun/tools/javac/code/Type$ClassType;Lcom/sun/tools/javac/code/Symbol;)Lcom/sun/tools/javac/code/Type; @ 44
Event: 52.122 Thread 0x000000001da2b800 Uncommon trap: reason=class_check action=maybe_recompile pc=0x0000000003ebdd88 method=com.sun.tools.javac.code.Types$14.visitClassType(Lcom/sun/tools/javac/code/Type$ClassType;Lcom/sun/tools/javac/code/Symbol;)Lcom/sun/tools/javac/code/Type; @ 44
Event: 52.123 Thread 0x000000001da2b800 Uncommon trap: reason=class_check action=maybe_recompile pc=0x0000000003ebdd88 method=com.sun.tools.javac.code.Types$14.visitClassType(Lcom/sun/tools/javac/code/Type$ClassType;Lcom/sun/tools/javac/code/Symbol;)Lcom/sun/tools/javac/code/Type; @ 44

Classes redefined (0 events):
No events

Internal exceptions (10 events):
Event: 45.351 Thread 0x0000000019cff000 Exception <a 'sun/nio/fs/WindowsException'> (0x00000000e0537270) thrown at [C:\src\AOSP-openjdk-git\hotspot\src\share\vm\prims\jni.cpp, line 710]
Event: 45.367 Thread 0x0000000019cff000 Exception <a 'sun/nio/fs/WindowsException'> (0x00000000e05570a8) thrown at [C:\src\AOSP-openjdk-git\hotspot\src\share\vm\prims\jni.cpp, line 710]
Event: 45.367 Thread 0x0000000019cff000 Exception <a 'sun/nio/fs/WindowsException'> (0x00000000e0557550) thrown at [C:\src\AOSP-openjdk-git\hotspot\src\share\vm\prims\jni.cpp, line 710]
Event: 47.387 Thread 0x000000001da2b800 Exception <a 'sun/nio/fs/WindowsException'> (0x00000000e4f64118) thrown at [C:\src\AOSP-openjdk-git\hotspot\src\share\vm\prims\jni.cpp, line 710]
Event: 47.388 Thread 0x000000001da2b800 Exception <a 'sun/nio/fs/WindowsException'> (0x00000000e4f65170) thrown at [C:\src\AOSP-openjdk-git\hotspot\src\share\vm\prims\jni.cpp, line 710]
Event: 47.389 Thread 0x000000001da2b800 Exception <a 'sun/nio/fs/WindowsException'> (0x00000000e4f6fd60) thrown at [C:\src\AOSP-openjdk-git\hotspot\src\share\vm\prims\jni.cpp, line 710]
Event: 47.389 Thread 0x000000001da2b800 Exception <a 'sun/nio/fs/WindowsException'> (0x00000000e4f70a90) thrown at [C:\src\AOSP-openjdk-git\hotspot\src\share\vm\prims\jni.cpp, line 710]
Event: 47.390 Thread 0x000000001da2b800 Exception <a 'sun/nio/fs/WindowsException'> (0x00000000e4f72cb0) thrown at [C:\src\AOSP-openjdk-git\hotspot\src\share\vm\prims\jni.cpp, line 710]
Event: 47.390 Thread 0x000000001da2b800 Exception <a 'sun/nio/fs/WindowsException'> (0x00000000e4f739f0) thrown at [C:\src\AOSP-openjdk-git\hotspot\src\share\vm\prims\jni.cpp, line 710]
Event: 50.401 Thread 0x000000001da2b800 Implicit null exception at 0x0000000003b2dc1e to 0x0000000003b2e2b9

Events (10 events):
Event: 52.109 Thread 0x000000001da2b800 DEOPT PACKING pc=0x0000000003ebdd88 sp=0x000000002a518f50
Event: 52.109 Thread 0x000000001da2b800 DEOPT UNPACKING pc=0x000000000202557b sp=0x000000002a518ea8 mode 2
Event: 52.122 Thread 0x000000001da2b800 Uncommon trap: trap_request=0xffffffde fr.pc=0x0000000003ebdd88
Event: 52.122 Thread 0x000000001da2b800 DEOPT PACKING pc=0x0000000003ebdd88 sp=0x000000002a518f50
Event: 52.122 Thread 0x000000001da2b800 DEOPT UNPACKING pc=0x000000000202557b sp=0x000000002a518ea8 mode 2
Event: 52.123 Thread 0x000000001da2b800 Uncommon trap: trap_request=0xffffffde fr.pc=0x0000000003ebdd88
Event: 52.123 Thread 0x000000001da2b800 DEOPT PACKING pc=0x0000000003ebdd88 sp=0x000000002a519240
Event: 52.123 Thread 0x000000001da2b800 DEOPT UNPACKING pc=0x000000000202557b sp=0x000000002a519198 mode 2
Event: 52.158 Executing VM operation: ForceSafepoint
Event: 52.159 Executing VM operation: ForceSafepoint done


Dynamic libraries:
0x00007ff625680000 - 0x00007ff6256b1000 	C:\Program Files\Android\Android Studio\jre\bin\java.exe
0x00007ffe667b0000 - 0x00007ffe6695d000 	C:\Windows\SYSTEM32\ntdll.dll
0x00007ffe64500000 - 0x00007ffe6463e000 	C:\Windows\system32\KERNEL32.DLL
0x00007ffe63c30000 - 0x00007ffe63d45000 	C:\Windows\system32\KERNELBASE.dll
0x00007ffe65fa0000 - 0x00007ffe6604a000 	C:\Windows\system32\ADVAPI32.dll
0x00007ffe640c0000 - 0x00007ffe64237000 	C:\Windows\system32\USER32.dll
0x00007ffe63210000 - 0x00007ffe6348b000 	C:\Windows\WinSxS\amd64_microsoft.windows.common-controls_6595b64144ccf1df_6.0.9600.18006_none_623f33d3ecbe86e8\COMCTL32.dll
0x00007ffe65ef0000 - 0x00007ffe65f9a000 	C:\Windows\system32\msvcrt.dll
0x00007ffe65cd0000 - 0x00007ffe65d29000 	C:\Windows\SYSTEM32\sechost.dll
0x00007ffe66050000 - 0x00007ffe66190000 	C:\Windows\system32\RPCRT4.dll
0x00007ffe64640000 - 0x00007ffe6478f000 	C:\Windows\system32\GDI32.dll
0x00007ffe63d50000 - 0x00007ffe63d7e000 	C:\Windows\system32\SspiCli.dll
0x00007ffe664d0000 - 0x00007ffe66506000 	C:\Windows\system32\IMM32.DLL
0x00007ffe63e30000 - 0x00007ffe63f82000 	C:\Windows\system32\MSCTF.dll
0x0000000065b90000 - 0x0000000065c62000 	C:\Program Files\Android\Android Studio\jre\jre\bin\msvcr100.dll
0x0000000064510000 - 0x0000000064d5b000 	C:\Program Files\Android\Android Studio\jre\jre\bin\server\jvm.dll
0x00007ffe5e720000 - 0x00007ffe5e729000 	C:\Windows\SYSTEM32\WSOCK32.dll
0x00007ffe5e370000 - 0x00007ffe5e392000 	C:\Windows\SYSTEM32\WINMM.dll
0x00007ffe61ac0000 - 0x00007ffe61aca000 	C:\Windows\SYSTEM32\VERSION.dll
0x00007ffe66510000 - 0x00007ffe66517000 	C:\Windows\system32\PSAPI.DLL
0x00007ffe661b0000 - 0x00007ffe6620a000 	C:\Windows\system32\WS2_32.dll
0x00007ffe5e340000 - 0x00007ffe5e36a000 	C:\Windows\SYSTEM32\WINMMBASE.dll
0x00007ffe66210000 - 0x00007ffe66219000 	C:\Windows\system32\NSI.dll
0x00007ffe63be0000 - 0x00007ffe63c2f000 	C:\Windows\SYSTEM32\cfgmgr32.dll
0x00007ffe61e40000 - 0x00007ffe61e68000 	C:\Windows\SYSTEM32\DEVOBJ.dll
0x00007ffe612c0000 - 0x00007ffe612cf000 	C:\Program Files\Android\Android Studio\jre\jre\bin\verify.dll
0x00007ffe53030000 - 0x00007ffe53059000 	C:\Program Files\Android\Android Studio\jre\jre\bin\java.dll
0x00007ffe59a10000 - 0x00007ffe59a26000 	C:\Program Files\Android\Android Studio\jre\jre\bin\zip.dll
0x00007ffe64790000 - 0x00007ffe65cb8000 	C:\Windows\system32\SHELL32.dll
0x00007ffe66590000 - 0x00007ffe667a1000 	C:\Windows\SYSTEM32\combase.dll
0x00007ffe64300000 - 0x00007ffe64354000 	C:\Windows\system32\SHLWAPI.dll
0x00007ffe62890000 - 0x00007ffe62942000 	C:\Windows\SYSTEM32\SHCORE.dll
0x00007ffe638d0000 - 0x00007ffe638e5000 	C:\Windows\SYSTEM32\profapi.dll
0x00007ffe59660000 - 0x00007ffe5967a000 	C:\Program Files\Android\Android Studio\jre\jre\bin\net.dll
0x00007ffe62d80000 - 0x00007ffe62dd9000 	C:\Windows\system32\mswsock.dll
0x00007ffe53250000 - 0x00007ffe53263000 	C:\Program Files\Android\Android Studio\jre\jre\bin\nio.dll
0x00007ffe53330000 - 0x00007ffe53357000 	C:\Users\Bhavesh Wadhia\.gradle\native\f6784746aeab05261644944871eae4fe03e0ef1612fff0a4a95f87b438bc6780\windows-amd64\native-platform.dll
0x00007ffe5d5a0000 - 0x00007ffe5d5ad000 	C:\Program Files\Android\Android Studio\jre\jre\bin\management.dll
0x00007ffe62de0000 - 0x00007ffe62e00000 	C:\Windows\SYSTEM32\CRYPTSP.dll
0x00007ffe62a00000 - 0x00007ffe62a36000 	C:\Windows\system32\rsaenh.dll
0x00007ffe630a0000 - 0x00007ffe630c6000 	C:\Windows\SYSTEM32\bcrypt.dll
0x00007ffe62b10000 - 0x00007ffe62b31000 	C:\Windows\SYSTEM32\USERENV.dll
0x00007ffe63730000 - 0x00007ffe63793000 	C:\Windows\system32\bcryptprimitives.dll
0x00007ffe637a0000 - 0x00007ffe637ab000 	C:\Windows\SYSTEM32\CRYPTBASE.dll
0x00007ffe5dd10000 - 0x00007ffe5dd3a000 	C:\Windows\SYSTEM32\IPHLPAPI.DLL
0x00007ffe5dcb0000 - 0x00007ffe5dcba000 	C:\Windows\SYSTEM32\WINNSI.DLL
0x00007ffe5d080000 - 0x00007ffe5d096000 	C:\Windows\SYSTEM32\dhcpcsvc6.DLL
0x00007ffe5d950000 - 0x00007ffe5d96a000 	C:\Windows\SYSTEM32\dhcpcsvc.DLL

VM Arguments:
jvm_args: -Xmx2048m -Dfile.encoding=UTF-8 -Duser.country=IN -Duser.language=en -Duser.variant 
java_command: org.gradle.launcher.daemon.bootstrap.GradleDaemon 6.5
java_class_path (initial): C:\Users\Bhavesh Wadhia\.gradle\wrapper\dists\gradle-6.5-all\2oz4ud9k3tuxjg84bbf55q0tn\gradle-6.5\lib\gradle-launcher-6.5.jar
Launcher Type: SUN_STANDARD

Environment Variables:
PATH=C:\Program Files (x86)\Common Files\Oracle\Java\javapath;C:\ProgramData\Oracle\Java\javapath;C:\Program Files (x86)\Intel\iCLS Client\;C:\Program Files\Intel\iCLS Client\;C:\Windows\system32;C:\Windows;C:\Windows\System32\Wbem;C:\Windows\System32\WindowsPowerShell\v1.0\;C:\Program Files (x86)\Windows Live\Shared;C:\Program Files\Intel\Intel(R) Management Engine Components\DAL;C:\Program Files\Intel\Intel(R) Management Engine Components\IPT;C:\Program Files (x86)\Intel\Intel(R) Management Engine Components\DAL;C:\Program Files (x86)\Intel\Intel(R) Management Engine Components\IPT;C:\Program Files (x86)\Common Files\lenovo\easyplussdk\bin;C:\Program Files\nodejs\;c:\Program Files (x86)\Microsoft SQL Server\100\Tools\Binn\VSShell\Common7\IDE\;c:\Program Files (x86)\Microsoft SQL Server\100\Tools\Binn\;c:\Program Files\Microsoft SQL Server\100\Tools\Binn\;c:\Program Files (x86)\Microsoft SQL Server\100\DTS\Binn\;c:\Program Files\Microsoft SQL Server\100\DTS\Binn\;C:\Program Files\Microsoft SQL Server\130\Tools\Binn\;C:\Program Files\dotnet\;C:\Program Files\Microsoft SQL Server\Client SDK\ODBC\170\Tools\Binn\;C:\Program Files (x86)\Microsoft SQL Server\110\DTS\Binn\;C:\Program Files (x86)\Microsoft SQL Server\120\DTS\Binn\;C:\Program Files (x86)\Microsoft SQL Server\130\DTS\Binn\;C:\Program Files (x86)\Microsoft SQL Server\140\DTS\Binn\;C:\Program Files (x86)\Microsoft SQL Server\150\DTS\Binn\;C:\Program Files\Git\cmd;C:\Users\Bhavesh Wadhia\AppData\Local\Programs\Microsoft VS Code\bin;C:\Users\Bhavesh Wadhia\AppData\Roaming\npm;C:\Users\Bhavesh Wadhia\.dotnet\tools
USERNAME=Bhavesh Wadhia
OS=Windows_NT
PROCESSOR_IDENTIFIER=Intel64 Family 6 Model 58 Stepping 9, GenuineIntel



---------------  S Y S T E M  ---------------

OS: Windows 8.1 , 64 bit Build 9600 (6.3.9600.17415)

CPU:total 4 (initial active 4) (2 cores per cpu, 2 threads per core) family 6 model 58 stepping 9, cmov, cx8, fxsr, mmx, sse, sse2, sse3, ssse3, sse4.1, sse4.2, popcnt, avx, clmul, erms, ht, tsc, tscinvbit, tscinv

Memory: 4k page, physical 4083992k(732116k free), swap 8278296k(5132k free)

vm_info: OpenJDK 64-Bit Server VM (25.242-b01) for windows-amd64 JRE (1.8.0_242-release-1644-b01), built by "builder" with MS VC++ 10.0 (VS2010)

time: Mon May 24 22:35:27 2021
timezone: India Standard Time
elapsed time: 52 seconds (0d 0h 0m 52s)

