#
# There is insufficient memory for the Java Runtime Environment to continue.
# Native memory allocation (malloc) failed to allocate 950736 bytes for Chunk::new
# Possible reasons:
#   The system is out of physical RAM or swap space
#   The process is running with CompressedOops enabled, and the Java Heap may be blocking the growth of the native heap
# Possible solutions:
#   Reduce memory load on the system
#   Increase physical memory or swap space
#   Check if swap backing store is full
#   Decrease Java heap size (-Xmx/-Xms)
#   Decrease number of Java threads
#   Decrease Java thread stack sizes (-Xss)
#   Set larger code cache with -XX:ReservedCodeCacheSize=
#   JVM is running with Unscaled Compressed Oops mode in which the Java heap is
#     placed in the first 4GB address space. The Java Heap base address is the
#     maximum limit for the native heap growth. Please use -XX:HeapBaseMinAddress
#     to set the Java Heap base and to place the Java Heap above 4GB virtual address.
# This output file may be truncated or incomplete.
#
#  Out of Memory Error (allocation.cpp:389), pid=17672, tid=0x00000000000021d8
#
# JRE version: OpenJDK Runtime Environment (8.0_242-b01) (build 1.8.0_242-release-1644-b01)
# Java VM: OpenJDK 64-Bit Server VM (25.242-b01 mixed mode windows-amd64 compressed oops)
# Failed to write core dump. Minidumps are not enabled by default on client versions of Windows
#

---------------  T H R E A D  ---------------

Current thread (0x0000000017325800):  JavaThread "C2 CompilerThread0" daemon [_thread_in_native, id=8664, stack(0x0000000018960000,0x0000000018a60000)]

Stack: [0x0000000018960000,0x0000000018a60000]
[error occurred during error reporting (printing stack bounds), id 0xc0000005]

Native frames: (J=compiled Java code, j=interpreted, Vv=VM code, C=native code)


Current CompileTask:
C2:3495572 17589 % !   4       com.android.ide.common.resources.DataMerger::mergeData @ 247 (611 bytes)


---------------  P R O C E S S  ---------------

Java Threads: ( => current thread )
  0x00000000280a9800 JavaThread "MarlinRenderer Disposer" daemon [_thread_blocked, id=15980, stack(0x000000002fd70000,0x000000002fe70000)]
  0x00000000280a8800 JavaThread "Java2D Disposer" daemon [_thread_blocked, id=4172, stack(0x000000002fb80000,0x000000002fc80000)]
  0x00000000280a5000 JavaThread "WorkerExecutor Queue Thread 5" [_thread_blocked, id=13540, stack(0x000000002e3e0000,0x000000002e4e0000)]
  0x00000000280a7000 JavaThread "WorkerExecutor Queue Thread 4" [_thread_blocked, id=7960, stack(0x000000002e4e0000,0x000000002e5e0000)]
  0x00000000280a0800 JavaThread "WorkerExecutor Queue Thread 2" [_thread_blocked, id=10080, stack(0x000000002e2e0000,0x000000002e3e0000)]
  0x00000000280a3800 JavaThread "WorkerExecutor Queue" [_thread_in_native, id=14124, stack(0x000000002e1e0000,0x000000002e2e0000)]
  0x00000000280a2800 JavaThread "Cache worker for execution history cache (C:\Android Studio Projects\PsDroid-Tracker\.gradle\6.5\executionHistory)" [_thread_blocked, id=6104, stack(0x000000002be90000,0x000000002bf90000)]
  0x00000000280a2000 JavaThread "Execution worker for ':' Thread 3" [_thread_in_Java, id=14948, stack(0x000000002b590000,0x000000002b690000)]
  0x000000002809f800 JavaThread "Execution worker for ':' Thread 2" [_thread_blocked, id=17464, stack(0x000000002b390000,0x000000002b490000)]
  0x00000000280a1000 JavaThread "Execution worker for ':'" [_thread_blocked, id=6784, stack(0x000000002b290000,0x000000002b390000)]
  0x000000002809f000 JavaThread "Cache worker for file content cache (C:\Android Studio Projects\PsDroid-Tracker\.gradle\6.5\fileContent)" [_thread_blocked, id=20484, stack(0x000000002ad90000,0x000000002ae90000)]
  0x000000001ecca800 JavaThread "Cache worker for Build Output Cleanup Cache (C:\Android Studio Projects\PsDroid-Tracker\.gradle\buildOutputCleanup)" [_thread_blocked, id=20520, stack(0x000000002ac90000,0x000000002ad90000)]
  0x000000001ecc9000 JavaThread "jar transforms Thread 475" [_thread_blocked, id=13788, stack(0x000000002ab90000,0x000000002ac90000)]
  0x000000001ecc9800 JavaThread "jar transforms Thread 474" [_thread_blocked, id=12640, stack(0x000000002a810000,0x000000002a910000)]
  0x000000001eccb000 JavaThread "jar transforms Thread 473" [_thread_blocked, id=11584, stack(0x000000002a040000,0x000000002a140000)]
  0x000000001ecc5000 JavaThread "jar transforms Thread 472" [_thread_blocked, id=8060, stack(0x0000000027210000,0x0000000027310000)]
  0x000000001ecc6800 JavaThread "jar transforms Thread 471" [_thread_blocked, id=15756, stack(0x0000000026f10000,0x0000000027010000)]
  0x000000001ecc8000 JavaThread "jar transforms Thread 470" [_thread_blocked, id=1280, stack(0x0000000026e10000,0x0000000026f10000)]
  0x000000001ecc4800 JavaThread "jar transforms Thread 469" [_thread_blocked, id=6476, stack(0x0000000026d10000,0x0000000026e10000)]
  0x000000001ecc6000 JavaThread "jar transforms Thread 468" [_thread_blocked, id=9012, stack(0x0000000026c10000,0x0000000026d10000)]
  0x000000001ecc7800 JavaThread "jar transforms Thread 467" [_thread_blocked, id=10076, stack(0x0000000026b10000,0x0000000026c10000)]
  0x0000000019977800 JavaThread "jar transforms Thread 466" [_thread_blocked, id=8460, stack(0x0000000026a10000,0x0000000026b10000)]
  0x0000000019976800 JavaThread "jar transforms Thread 465" [_thread_blocked, id=14816, stack(0x0000000026910000,0x0000000026a10000)]
  0x0000000019975000 JavaThread "jar transforms Thread 464" [_thread_blocked, id=4756, stack(0x0000000026810000,0x0000000026910000)]
  0x0000000019976000 JavaThread "jar transforms Thread 463" [_thread_blocked, id=4452, stack(0x0000000026710000,0x0000000026810000)]
  0x0000000019970800 JavaThread "jar transforms Thread 462" [_thread_blocked, id=5364, stack(0x0000000026610000,0x0000000026710000)]
  0x0000000019973800 JavaThread "jar transforms Thread 461" [_thread_blocked, id=13764, stack(0x0000000026510000,0x0000000026610000)]
  0x000000001dd0e800 JavaThread "jar transforms Thread 460" [_thread_blocked, id=3592, stack(0x0000000026410000,0x0000000026510000)]
  0x000000001dd10800 JavaThread "jar transforms Thread 459" [_thread_blocked, id=16612, stack(0x0000000026310000,0x0000000026410000)]
  0x000000001dd0d000 JavaThread "jar transforms Thread 458" [_thread_blocked, id=4476, stack(0x0000000026210000,0x0000000026310000)]
  0x000000001dd0a800 JavaThread "jar transforms Thread 457" [_thread_blocked, id=9844, stack(0x0000000026110000,0x0000000026210000)]
  0x000000001dd0c000 JavaThread "jar transforms Thread 456" [_thread_blocked, id=8368, stack(0x0000000026010000,0x0000000026110000)]
  0x000000001dd0d800 JavaThread "jar transforms Thread 455" [_thread_blocked, id=4148, stack(0x0000000025f10000,0x0000000026010000)]
  0x000000001dd0a000 JavaThread "jar transforms Thread 454" [_thread_blocked, id=3856, stack(0x0000000025e10000,0x0000000025f10000)]
  0x00000000282ca000 JavaThread "jar transforms Thread 453" [_thread_blocked, id=20444, stack(0x0000000025d10000,0x0000000025e10000)]
  0x00000000282cb000 JavaThread "jar transforms Thread 452" [_thread_blocked, id=10524, stack(0x0000000025c10000,0x0000000025d10000)]
  0x00000000282c9800 JavaThread "jar transforms Thread 451" [_thread_blocked, id=18000, stack(0x0000000025b10000,0x0000000025c10000)]
  0x00000000282c8800 JavaThread "jar transforms Thread 450" [_thread_blocked, id=10536, stack(0x0000000025a10000,0x0000000025b10000)]
  0x00000000282c5800 JavaThread "jar transforms Thread 449" [_thread_blocked, id=6676, stack(0x0000000025910000,0x0000000025a10000)]
  0x00000000282c5000 JavaThread "jar transforms Thread 448" [_thread_blocked, id=3336, stack(0x0000000025810000,0x0000000025910000)]
  0x00000000282c8000 JavaThread "jar transforms Thread 447" [_thread_blocked, id=7852, stack(0x0000000025710000,0x0000000025810000)]
  0x00000000282c4000 JavaThread "jar transforms Thread 446" [_thread_blocked, id=11764, stack(0x0000000025610000,0x0000000025710000)]
  0x000000001ebf9000 JavaThread "jar transforms Thread 445" [_thread_blocked, id=9912, stack(0x0000000025510000,0x0000000025610000)]
  0x000000001ebf8000 JavaThread "jar transforms Thread 444" [_thread_blocked, id=7176, stack(0x0000000025410000,0x0000000025510000)]
  0x000000001ebf3800 JavaThread "jar transforms Thread 443" [_thread_blocked, id=13720, stack(0x0000000025310000,0x0000000025410000)]
  0x000000001ebf6800 JavaThread "jar transforms Thread 442" [_thread_blocked, id=4240, stack(0x0000000025210000,0x0000000025310000)]
  0x000000001ebf6000 JavaThread "jar transforms Thread 441" [_thread_blocked, id=11812, stack(0x0000000025110000,0x0000000025210000)]
  0x000000001ebf5000 JavaThread "jar transforms Thread 440" [_thread_blocked, id=16640, stack(0x0000000025010000,0x0000000025110000)]
  0x000000001ebf2000 JavaThread "jar transforms Thread 439" [_thread_blocked, id=6100, stack(0x0000000024f10000,0x0000000025010000)]
  0x000000001ebf3000 JavaThread "jar transforms Thread 438" [_thread_blocked, id=11800, stack(0x0000000024e10000,0x0000000024f10000)]
  0x000000001ebf4800 JavaThread "jar transforms Thread 437" [_thread_blocked, id=10356, stack(0x0000000024d10000,0x0000000024e10000)]
  0x0000000019fbe800 JavaThread "jar transforms Thread 436" [_thread_blocked, id=7352, stack(0x0000000024c10000,0x0000000024d10000)]
  0x0000000019fc1800 JavaThread "jar transforms Thread 435" [_thread_blocked, id=7804, stack(0x0000000024b10000,0x0000000024c10000)]
  0x0000000019fbd800 JavaThread "jar transforms Thread 434" [_thread_blocked, id=19112, stack(0x0000000024a10000,0x0000000024b10000)]
  0x0000000019fc0800 JavaThread "jar transforms Thread 433" [_thread_blocked, id=6704, stack(0x0000000024910000,0x0000000024a10000)]
  0x0000000019fc0000 JavaThread "jar transforms Thread 432" [_thread_blocked, id=20080, stack(0x0000000024810000,0x0000000024910000)]
  0x0000000019fbf000 JavaThread "jar transforms Thread 431" [_thread_blocked, id=5284, stack(0x0000000024710000,0x0000000024810000)]
  0x0000000019fbd000 JavaThread "jar transforms Thread 430" [_thread_blocked, id=13708, stack(0x0000000024610000,0x0000000024710000)]
  0x0000000019fbc000 JavaThread "jar transforms Thread 429" [_thread_blocked, id=13456, stack(0x0000000024510000,0x0000000024610000)]
  0x0000000019fb8800 JavaThread "jar transforms Thread 428" [_thread_blocked, id=736, stack(0x0000000024410000,0x0000000024510000)]
  0x0000000019fbb800 JavaThread "jar transforms Thread 427" [_thread_blocked, id=12960, stack(0x0000000024310000,0x0000000024410000)]
  0x0000000019fb7800 JavaThread "jar transforms Thread 426" [_thread_blocked, id=2988, stack(0x0000000024210000,0x0000000024310000)]
  0x0000000019fba800 JavaThread "jar transforms Thread 425" [_thread_blocked, id=7748, stack(0x0000000024110000,0x0000000024210000)]
  0x0000000019fba000 JavaThread "jar transforms Thread 424" [_thread_blocked, id=15632, stack(0x0000000024010000,0x0000000024110000)]
  0x0000000019fb9000 JavaThread "jar transforms Thread 423" [_thread_blocked, id=4028, stack(0x0000000023f10000,0x0000000024010000)]
  0x0000000019fb4800 JavaThread "jar transforms Thread 422" [_thread_blocked, id=10820, stack(0x0000000023e10000,0x0000000023f10000)]
  0x0000000019fb6000 JavaThread "jar transforms Thread 421" [_thread_blocked, id=12012, stack(0x0000000023d10000,0x0000000023e10000)]
  0x0000000019fb7000 JavaThread "jar transforms Thread 420" [_thread_blocked, id=8632, stack(0x0000000023c10000,0x0000000023d10000)]
  0x000000001d9e5800 JavaThread "jar transforms Thread 419" [_thread_blocked, id=9732, stack(0x0000000023b10000,0x0000000023c10000)]
  0x000000001d9e4800 JavaThread "jar transforms Thread 418" [_thread_blocked, id=4356, stack(0x0000000023a10000,0x0000000023b10000)]
  0x000000001d9e1000 JavaThread "jar transforms Thread 417" [_thread_blocked, id=784, stack(0x0000000023910000,0x0000000023a10000)]
  0x000000001d9e3000 JavaThread "jar transforms Thread 416" [_thread_blocked, id=19488, stack(0x0000000023810000,0x0000000023910000)]
  0x000000001d9e2800 JavaThread "jar transforms Thread 415" [_thread_blocked, id=13348, stack(0x0000000023710000,0x0000000023810000)]
  0x000000001d9df800 JavaThread "jar transforms Thread 414" [_thread_blocked, id=2252, stack(0x0000000023610000,0x0000000023710000)]
  0x000000001d9de800 JavaThread "jar transforms Thread 413" [_thread_blocked, id=12636, stack(0x0000000023510000,0x0000000023610000)]
  0x000000001d9e1800 JavaThread "jar transforms Thread 412" [_thread_blocked, id=3788, stack(0x0000000023410000,0x0000000023510000)]
  0x000000001d9e0000 JavaThread "jar transforms Thread 411" [_thread_blocked, id=14260, stack(0x0000000023310000,0x0000000023410000)]
  0x000000001d9db800 JavaThread "jar transforms Thread 410" [_thread_blocked, id=12020, stack(0x0000000023210000,0x0000000023310000)]
  0x000000001d9db000 JavaThread "jar transforms Thread 409" [_thread_blocked, id=10792, stack(0x0000000023110000,0x0000000023210000)]
  0x000000001d9de000 JavaThread "jar transforms Thread 408" [_thread_blocked, id=19604, stack(0x0000000023010000,0x0000000023110000)]
  0x000000001d9dd000 JavaThread "jar transforms Thread 407" [_thread_blocked, id=14884, stack(0x0000000022f10000,0x0000000023010000)]
  0x000000001d9d7000 JavaThread "jar transforms Thread 406" [_thread_blocked, id=16648, stack(0x0000000022e10000,0x0000000022f10000)]
  0x000000001d9d9800 JavaThread "jar transforms Thread 405" [_thread_blocked, id=7444, stack(0x0000000022d10000,0x0000000022e10000)]
  0x000000001d9d8800 JavaThread "jar transforms Thread 404" [_thread_blocked, id=13792, stack(0x0000000022c10000,0x0000000022d10000)]
  0x000000001d9d6800 JavaThread "jar transforms Thread 403" [_thread_blocked, id=7460, stack(0x0000000022b10000,0x0000000022c10000)]
  0x000000001f1dc000 JavaThread "jar transforms Thread 402" [_thread_blocked, id=12812, stack(0x0000000022a10000,0x0000000022b10000)]
  0x000000001f1da000 JavaThread "jar transforms Thread 401" [_thread_blocked, id=16976, stack(0x0000000022910000,0x0000000022a10000)]
  0x000000001f1db800 JavaThread "jar transforms Thread 400" [_thread_blocked, id=11308, stack(0x0000000022810000,0x0000000022910000)]
  0x000000001f1d8800 JavaThread "jar transforms Thread 399" [_thread_blocked, id=18608, stack(0x0000000022710000,0x0000000022810000)]
  0x000000001f1d7800 JavaThread "jar transforms Thread 398" [_thread_blocked, id=10328, stack(0x0000000022610000,0x0000000022710000)]
  0x000000001f1d4800 JavaThread "jar transforms Thread 397" [_thread_blocked, id=6824, stack(0x0000000022510000,0x0000000022610000)]
  0x000000001f1d7000 JavaThread "jar transforms Thread 396" [_thread_blocked, id=20184, stack(0x0000000022410000,0x0000000022510000)]
  0x000000001f1d6000 JavaThread "jar transforms Thread 395" [_thread_blocked, id=3628, stack(0x0000000022310000,0x0000000022410000)]
  0x000000001f1d2800 JavaThread "jar transforms Thread 394" [_thread_blocked, id=19384, stack(0x0000000022210000,0x0000000022310000)]
  0x000000001f1d5800 JavaThread "jar transforms Thread 393" [_thread_blocked, id=16496, stack(0x0000000021f10000,0x0000000022010000)]
  0x000000001f1d4000 JavaThread "jar transforms Thread 392" [_thread_blocked, id=8720, stack(0x0000000021e10000,0x0000000021f10000)]
  0x000000001f1d1800 JavaThread "jar transforms Thread 391" [_thread_blocked, id=20252, stack(0x0000000021d10000,0x0000000021e10000)]
  0x000000001f1d1000 JavaThread "jar transforms Thread 390" [_thread_blocked, id=11152, stack(0x0000000021c10000,0x0000000021d10000)]
  0x000000001f1d3000 JavaThread "jar transforms Thread 389" [_thread_blocked, id=12320, stack(0x0000000021b10000,0x0000000021c10000)]
  0x000000001f1cd000 JavaThread "jar transforms Thread 388" [_thread_blocked, id=20280, stack(0x0000000021a10000,0x0000000021b10000)]
  0x000000001f1cf800 JavaThread "jar transforms Thread 387" [_thread_blocked, id=7540, stack(0x0000000021910000,0x0000000021a10000)]
  0x000000001f1ce800 JavaThread "jar transforms Thread 386" [_thread_blocked, id=4820, stack(0x0000000021810000,0x0000000021910000)]
  0x000000001f1d0000 JavaThread "jar transforms Thread 385" [_thread_blocked, id=3044, stack(0x0000000021710000,0x0000000021810000)]
  0x000000001d620000 JavaThread "jar transforms Thread 384" [_thread_blocked, id=21464, stack(0x0000000021610000,0x0000000021710000)]
  0x000000001d622000 JavaThread "jar transforms Thread 383" [_thread_blocked, id=10748, stack(0x0000000021510000,0x0000000021610000)]
  0x000000001d621800 JavaThread "jar transforms Thread 382" [_thread_blocked, id=9936, stack(0x0000000021410000,0x0000000021510000)]
  0x000000001d61d800 JavaThread "jar transforms Thread 381" [_thread_blocked, id=14908, stack(0x0000000021310000,0x0000000021410000)]
  0x000000001d620800 JavaThread "Build operations Thread 4" [_thread_blocked, id=5092, stack(0x0000000021210000,0x0000000021310000)]
  0x000000001d61c000 JavaThread "Build operations Thread 3" [_thread_blocked, id=2420, stack(0x0000000021110000,0x0000000021210000)]
  0x000000001d61e800 JavaThread "Build operations Thread 2" [_thread_blocked, id=15612, stack(0x0000000021010000,0x0000000021110000)]
  0x000000001d61f000 JavaThread "Build operations" [_thread_blocked, id=17888, stack(0x0000000020610000,0x0000000020710000)]
  0x000000001d61a800 JavaThread "Cache worker for cache directory md-rule (C:\Users\Bhavesh Wadhia\.gradle\caches\6.5\md-rule)" [_thread_blocked, id=2552, stack(0x000000001fe10000,0x000000001ff10000)]
  0x000000001d61a000 JavaThread "Cache worker for cache directory md-supplier (C:\Users\Bhavesh Wadhia\.gradle\caches\6.5\md-supplier)" [_thread_blocked, id=8588, stack(0x000000001fa30000,0x000000001fb30000)]
  0x000000001d61b800 JavaThread "Cache worker for checksums cache (C:\Android Studio Projects\PsDroid-Tracker\.gradle\checksums)" [_thread_blocked, id=18640, stack(0x000000001e900000,0x000000001ea00000)]
  0x000000001d616000 JavaThread "Cache worker for file hash cache (C:\Android Studio Projects\PsDroid-Tracker\.gradle\6.5\fileHashes)" [_thread_blocked, id=13000, stack(0x000000001e600000,0x000000001e700000)]
  0x000000001d619000 JavaThread "Thread-480" [_thread_blocked, id=14812, stack(0x000000001cd30000,0x000000001ce30000)]
  0x000000001d618800 JavaThread "Stdin handler" [_thread_blocked, id=8016, stack(0x000000001cc30000,0x000000001cd30000)]
  0x000000001d614800 JavaThread "Asynchronous log dispatcher for DefaultDaemonConnection: socket connection from /127.0.0.1:53922 to /127.0.0.1:54437" [_thread_blocked, id=18256, stack(0x000000001cb30000,0x000000001cc30000)]
  0x000000001d615800 JavaThread "Daemon worker Thread 5" [_thread_blocked, id=8036, stack(0x000000001ca30000,0x000000001cb30000)]
  0x000000001d617800 JavaThread "Cancel handler" [_thread_blocked, id=10452, stack(0x000000001c730000,0x000000001c830000)]
  0x000000001d617000 JavaThread "Handler for socket connection from /127.0.0.1:53922 to /127.0.0.1:54437" [_thread_in_native, id=9412, stack(0x000000001c140000,0x000000001c240000)]
  0x000000001d614000 JavaThread "Daemon Thread 5" [_thread_blocked, id=18868, stack(0x000000001c040000,0x000000001c140000)]
  0x000000001d9dc800 JavaThread "Cache worker for Java compile cache (C:\Users\Bhavesh Wadhia\.gradle\caches\6.5\javaCompile)" [_thread_blocked, id=19400, stack(0x000000002b490000,0x000000002b590000)]
  0x000000001f1da800 JavaThread "Memory manager" [_thread_blocked, id=16828, stack(0x0000000027b50000,0x0000000027c50000)]
  0x0000000019fb5800 JavaThread "Cache worker for file content cache (C:\Users\Bhavesh Wadhia\.gradle\caches\6.5\fileContent)" [_thread_blocked, id=14772, stack(0x0000000020710000,0x0000000020810000)]
  0x0000000019974800 JavaThread "Cache worker for execution history cache (C:\Users\Bhavesh Wadhia\.gradle\caches\6.5\executionHistory)" [_thread_blocked, id=7592, stack(0x000000001ff10000,0x0000000020010000)]
  0x0000000019973000 JavaThread "Cache worker for file hash cache (C:\Users\Bhavesh Wadhia\.gradle\caches\6.5\fileHashes)" [_thread_blocked, id=17224, stack(0x000000001d330000,0x000000001d430000)]
  0x0000000019972000 JavaThread "File lock request listener" [_thread_in_native, id=6588, stack(0x000000001d230000,0x000000001d330000)]
  0x0000000019971800 JavaThread "Cache worker for journal cache (C:\Users\Bhavesh Wadhia\.gradle\caches\journal-1)" [_thread_blocked, id=4508, stack(0x000000001d030000,0x000000001d130000)]
  0x0000000019a91800 JavaThread "Daemon periodic checks" [_thread_blocked, id=13844, stack(0x000000001c630000,0x000000001c730000)]
  0x0000000019c95800 JavaThread "Incoming local TCP Connector on port 53922" [_thread_in_native, id=3424, stack(0x000000001c240000,0x000000001c340000)]
  0x000000001ae96800 JavaThread "Daemon health stats" [_thread_blocked, id=18788, stack(0x000000001bc60000,0x000000001bd60000)]
  0x0000000018c98800 JavaThread "Service Thread" daemon [_thread_blocked, id=14756, stack(0x0000000019060000,0x0000000019160000)]
  0x000000001733c000 JavaThread "C1 CompilerThread2" daemon [_thread_blocked, id=8928, stack(0x0000000018b60000,0x0000000018c60000)]
  0x000000001732a000 JavaThread "C2 CompilerThread1" daemon [_thread_in_native, id=15024, stack(0x0000000018a60000,0x0000000018b60000)]
=>0x0000000017325800 JavaThread "C2 CompilerThread0" daemon [_thread_in_native, id=8664, stack(0x0000000018960000,0x0000000018a60000)]
  0x0000000017324000 JavaThread "Attach Listener" daemon [_thread_blocked, id=8996, stack(0x0000000018860000,0x0000000018960000)]
  0x0000000017323000 JavaThread "Signal Dispatcher" daemon [_thread_blocked, id=3708, stack(0x0000000018760000,0x0000000018860000)]
  0x000000000268c800 JavaThread "Finalizer" daemon [_thread_blocked, id=20192, stack(0x0000000018580000,0x0000000018680000)]
  0x0000000017309000 JavaThread "Reference Handler" daemon [_thread_blocked, id=2504, stack(0x0000000018480000,0x0000000018580000)]
  0x00000000026fe000 JavaThread "main" [_thread_blocked, id=4716, stack(0x0000000002440000,0x0000000002540000)]

Other Threads:
  0x00000000172e5800 VMThread [stack: 0x0000000018380000,0x0000000018480000] [id=6576]
  0x000000001737e000 WatcherThread [stack: 0x0000000019160000,0x0000000019260000] [id=7824]

VM state:not at safepoint (normal execution)

VM Mutex/Monitor currently owned by a thread: None

heap address: 0x0000000080000000, size: 2048 MB, Compressed Oops mode: 32-bit
Narrow klass base: 0x0000000000000000, Narrow klass shift: 3
Compressed class space size: 1073741824 Address: 0x0000000100000000

Heap:
 PSYoungGen      total 323584K, used 7223K [0x00000000d5580000, 0x00000000ed400000, 0x0000000100000000)
  eden space 271360K, 2% used [0x00000000d5580000,0x00000000d5c8dc98,0x00000000e5e80000)
  from space 52224K, 0% used [0x00000000ea100000,0x00000000ea100000,0x00000000ed400000)
  to   space 48640K, 0% used [0x00000000e5e80000,0x00000000e5e80000,0x00000000e8e00000)
 ParOldGen       total 179712K, used 81684K [0x0000000080000000, 0x000000008af80000, 0x00000000d5580000)
  object space 179712K, 45% used [0x0000000080000000,0x0000000084fc5200,0x000000008af80000)
 Metaspace       used 103135K, capacity 107966K, committed 110168K, reserved 1148928K
  class space    used 13685K, capacity 14670K, committed 15232K, reserved 1048576K

Card table byte_map: [0x0000000011ac0000,0x0000000011ed0000] byte_map_base: 0x00000000116c0000

Marking Bits: (ParMarkBitMap*) 0x0000000064cdf030
 Begin Bits: [0x0000000012580000, 0x0000000014580000)
 End Bits:   [0x0000000014580000, 0x0000000016580000)

Polling page: 0x0000000000d00000

CodeCache: size=245760Kb used=49111Kb max_used=49125Kb free=196648Kb
 bounds [0x0000000002700000, 0x0000000005740000, 0x0000000011700000]
 total_blobs=15523 nmethods=14538 adapters=896
 compilation: enabled

Compilation events (10 events):
Event: 3494.842 Thread 0x000000001733c000 17798       3       sun.java2d.marlin.DHelpers::within (28 bytes)
Event: 3494.842 Thread 0x000000001733c000 nmethod 17798 0x0000000005727b10 code [0x0000000005727c80, 0x0000000005727e90]
Event: 3494.842 Thread 0x000000001733c000 17800       3       sun.java2d.marlin.DCurve::set (153 bytes)
Event: 3494.843 Thread 0x000000001733c000 nmethod 17800 0x0000000005727f10 code [0x00000000057280e0, 0x00000000057282d0]
Event: 3494.843 Thread 0x000000001733c000 17799       3       sun.java2d.marlin.DStroker::emitLineTo (12 bytes)
Event: 3494.843 Thread 0x000000001733c000 nmethod 17799 0x0000000005728390 code [0x0000000005728500, 0x0000000005728728]
Event: 3494.843 Thread 0x000000001733c000 17802       1       sun.java2d.pipe.Region::getLoY (5 bytes)
Event: 3494.843 Thread 0x000000001733c000 nmethod 17802 0x0000000005728810 code [0x0000000005728960, 0x0000000005728a70]
Event: 3494.843 Thread 0x000000001733c000 17803       1       sun.java2d.pipe.Region::getLoX (5 bytes)
Event: 3494.843 Thread 0x000000001733c000 nmethod 17803 0x0000000005728ad0 code [0x0000000005728c20, 0x0000000005728d30]

GC Heap History (10 events):
Event: 1367.087 GC heap before
{Heap before GC invocations=23 (full 4):
 PSYoungGen      total 300032K, used 31574K [0x00000000d5580000, 0x00000000ec080000, 0x0000000100000000)
  eden space 268288K, 0% used [0x00000000d5580000,0x00000000d5580000,0x00000000e5b80000)
  from space 31744K, 99% used [0x00000000e6680000,0x00000000e8555988,0x00000000e8580000)
  to   space 51712K, 0% used [0x00000000e8e00000,0x00000000e8e00000,0x00000000ec080000)
 ParOldGen       total 104448K, used 74588K [0x0000000080000000, 0x0000000086600000, 0x00000000d5580000)
  object space 104448K, 71% used [0x0000000080000000,0x00000000848d7278,0x0000000086600000)
 Metaspace       used 92716K, capacity 98238K, committed 98280K, reserved 1134592K
  class space    used 12485K, capacity 13528K, committed 13568K, reserved 1048576K
Event: 1367.444 GC heap after
Heap after GC invocations=23 (full 4):
 PSYoungGen      total 300032K, used 0K [0x00000000d5580000, 0x00000000ec080000, 0x0000000100000000)
  eden space 268288K, 0% used [0x00000000d5580000,0x00000000d5580000,0x00000000e5b80000)
  from space 31744K, 0% used [0x00000000e6680000,0x00000000e6680000,0x00000000e8580000)
  to   space 51712K, 0% used [0x00000000e8e00000,0x00000000e8e00000,0x00000000ec080000)
 ParOldGen       total 179712K, used 74015K [0x0000000080000000, 0x000000008af80000, 0x00000000d5580000)
  object space 179712K, 41% used [0x0000000080000000,0x0000000084847cc8,0x000000008af80000)
 Metaspace       used 92634K, capacity 98010K, committed 98280K, reserved 1134592K
  class space    used 12458K, capacity 13480K, committed 13568K, reserved 1048576K
}
Event: 1379.390 GC heap before
{Heap before GC invocations=24 (full 4):
 PSYoungGen      total 300032K, used 268288K [0x00000000d5580000, 0x00000000ec080000, 0x0000000100000000)
  eden space 268288K, 100% used [0x00000000d5580000,0x00000000e5b80000,0x00000000e5b80000)
  from space 31744K, 0% used [0x00000000e6680000,0x00000000e6680000,0x00000000e8580000)
  to   space 51712K, 0% used [0x00000000e8e00000,0x00000000e8e00000,0x00000000ec080000)
 ParOldGen       total 179712K, used 74015K [0x0000000080000000, 0x000000008af80000, 0x00000000d5580000)
  object space 179712K, 41% used [0x0000000080000000,0x0000000084847cc8,0x000000008af80000)
 Metaspace       used 99983K, capacity 105630K, committed 105816K, reserved 1140736K
  class space    used 13502K, capacity 14687K, committed 14720K, reserved 1048576K
Event: 1379.418 GC heap after
Heap after GC invocations=24 (full 4):
 PSYoungGen      total 323072K, used 20442K [0x00000000d5580000, 0x00000000ece00000, 0x0000000100000000)
  eden space 271360K, 0% used [0x00000000d5580000,0x00000000d5580000,0x00000000e5e80000)
  from space 51712K, 39% used [0x00000000e8e00000,0x00000000ea1f6a98,0x00000000ec080000)
  to   space 48640K, 0% used [0x00000000e5e80000,0x00000000e5e80000,0x00000000e8e00000)
 ParOldGen       total 179712K, used 74023K [0x0000000080000000, 0x000000008af80000, 0x00000000d5580000)
  object space 179712K, 41% used [0x0000000080000000,0x0000000084849cc8,0x000000008af80000)
 Metaspace       used 99983K, capacity 105630K, committed 105816K, reserved 1140736K
  class space    used 13502K, capacity 14687K, committed 14720K, reserved 1048576K
}
Event: 3493.200 GC heap before
{Heap before GC invocations=25 (full 4):
 PSYoungGen      total 323072K, used 291802K [0x00000000d5580000, 0x00000000ece00000, 0x0000000100000000)
  eden space 271360K, 100% used [0x00000000d5580000,0x00000000e5e80000,0x00000000e5e80000)
  from space 51712K, 39% used [0x00000000e8e00000,0x00000000ea1f6a98,0x00000000ec080000)
  to   space 48640K, 0% used [0x00000000e5e80000,0x00000000e5e80000,0x00000000e8e00000)
 ParOldGen       total 179712K, used 74023K [0x0000000080000000, 0x000000008af80000, 0x00000000d5580000)
  object space 179712K, 41% used [0x0000000080000000,0x0000000084849cc8,0x000000008af80000)
 Metaspace       used 102051K, capacity 108044K, committed 108248K, reserved 1142784K
  class space    used 13709K, capacity 14982K, committed 15104K, reserved 1048576K
Event: 3493.246 GC heap after
Heap after GC invocations=25 (full 4):
 PSYoungGen      total 320000K, used 38390K [0x00000000d5580000, 0x00000000ed400000, 0x0000000100000000)
  eden space 271360K, 0% used [0x00000000d5580000,0x00000000d5580000,0x00000000e5e80000)
  from space 48640K, 78% used [0x00000000e5e80000,0x00000000e83fda00,0x00000000e8e00000)
  to   space 52224K, 0% used [0x00000000ea100000,0x00000000ea100000,0x00000000ed400000)
 ParOldGen       total 179712K, used 74031K [0x0000000080000000, 0x000000008af80000, 0x00000000d5580000)
  object space 179712K, 41% used [0x0000000080000000,0x000000008484bcc8,0x000000008af80000)
 Metaspace       used 102051K, capacity 108044K, committed 108248K, reserved 1142784K
  class space    used 13709K, capacity 14982K, committed 15104K, reserved 1048576K
}
Event: 3494.067 GC heap before
{Heap before GC invocations=26 (full 4):
 PSYoungGen      total 320000K, used 69830K [0x00000000d5580000, 0x00000000ed400000, 0x0000000100000000)
  eden space 271360K, 11% used [0x00000000d5580000,0x00000000d7434068,0x00000000e5e80000)
  from space 48640K, 78% used [0x00000000e5e80000,0x00000000e83fda00,0x00000000e8e00000)
  to   space 52224K, 0% used [0x00000000ea100000,0x00000000ea100000,0x00000000ed400000)
 ParOldGen       total 179712K, used 74031K [0x0000000080000000, 0x000000008af80000, 0x00000000d5580000)
  object space 179712K, 41% used [0x0000000080000000,0x000000008484bcc8,0x000000008af80000)
 Metaspace       used 103842K, capacity 109832K, committed 109912K, reserved 1157120K
  class space    used 13894K, capacity 15170K, committed 15232K, reserved 1048576K
Event: 3494.120 GC heap after
Heap after GC invocations=26 (full 4):
 PSYoungGen      total 323584K, used 40231K [0x00000000d5580000, 0x00000000ed400000, 0x0000000100000000)
  eden space 271360K, 0% used [0x00000000d5580000,0x00000000d5580000,0x00000000e5e80000)
  from space 52224K, 77% used [0x00000000ea100000,0x00000000ec849f38,0x00000000ed400000)
  to   space 48640K, 0% used [0x00000000e5e80000,0x00000000e5e80000,0x00000000e8e00000)
 ParOldGen       total 179712K, used 74039K [0x0000000080000000, 0x000000008af80000, 0x00000000d5580000)
  object space 179712K, 41% used [0x0000000080000000,0x000000008484dcc8,0x000000008af80000)
 Metaspace       used 103842K, capacity 109832K, committed 109912K, reserved 1157120K
  class space    used 13894K, capacity 15170K, committed 15232K, reserved 1048576K
}
Event: 3494.120 GC heap before
{Heap before GC invocations=27 (full 5):
 PSYoungGen      total 323584K, used 40231K [0x00000000d5580000, 0x00000000ed400000, 0x0000000100000000)
  eden space 271360K, 0% used [0x00000000d5580000,0x00000000d5580000,0x00000000e5e80000)
  from space 52224K, 77% used [0x00000000ea100000,0x00000000ec849f38,0x00000000ed400000)
  to   space 48640K, 0% used [0x00000000e5e80000,0x00000000e5e80000,0x00000000e8e00000)
 ParOldGen       total 179712K, used 74039K [0x0000000080000000, 0x000000008af80000, 0x00000000d5580000)
  object space 179712K, 41% used [0x0000000080000000,0x000000008484dcc8,0x000000008af80000)
 Metaspace       used 103842K, capacity 109832K, committed 109912K, reserved 1157120K
  class space    used 13894K, capacity 15170K, committed 15232K, reserved 1048576K
Event: 3494.651 GC heap after
Heap after GC invocations=27 (full 5):
 PSYoungGen      total 323584K, used 0K [0x00000000d5580000, 0x00000000ed400000, 0x0000000100000000)
  eden space 271360K, 0% used [0x00000000d5580000,0x00000000d5580000,0x00000000e5e80000)
  from space 52224K, 0% used [0x00000000ea100000,0x00000000ea100000,0x00000000ed400000)
  to   space 48640K, 0% used [0x00000000e5e80000,0x00000000e5e80000,0x00000000e8e00000)
 ParOldGen       total 179712K, used 81684K [0x0000000080000000, 0x000000008af80000, 0x00000000d5580000)
  object space 179712K, 45% used [0x0000000080000000,0x0000000084fc5200,0x000000008af80000)
 Metaspace       used 102465K, capacity 107262K, committed 109912K, reserved 1146880K
  class space    used 13614K, capacity 14606K, committed 15232K, reserved 1048576K
}

Deoptimization events (10 events):
Event: 3494.032 Thread 0x00000000280a2000 Uncommon trap: reason=unstable_if action=reinterpret pc=0x0000000002bb5ff0 method=sun.nio.cs.UTF_8$Encoder.encodeArrayLoop(Ljava/nio/CharBuffer;Ljava/nio/ByteBuffer;)Ljava/nio/charset/CoderResult; @ 113
Event: 3494.051 Thread 0x00000000280a5000 Uncommon trap: reason=class_check action=maybe_recompile pc=0x00000000043cd6b0 method=java.util.TimSort.mergeHi(IIII)V @ 227
Event: 3494.673 Thread 0x00000000280a2000 Uncommon trap: reason=null_check action=make_not_entrant pc=0x00000000056d84f4 method=com.android.ide.common.resources.NodeUtils.processSingleNodeNamespace(Lorg/w3c/dom/Node;Lorg/w3c/dom/Document;)Z @ 8
Event: 3494.674 Thread 0x00000000280a2000 Uncommon trap: reason=bimorphic action=maybe_recompile pc=0x0000000005554820 method=com.sun.org.apache.xerces.internal.dom.AttributeMap.setNamedItem(Lorg/w3c/dom/Node;)Lorg/w3c/dom/Node; @ 4
Event: 3494.675 Thread 0x00000000280a0800 Uncommon trap: reason=unstable_if action=reinterpret pc=0x0000000002ea6c78 method=java.lang.ref.SoftReference.get()Ljava/lang/Object; @ 6
Event: 3494.678 Thread 0x00000000280a2000 Uncommon trap: reason=class_check action=maybe_recompile pc=0x00000000056b5810 method=com.sun.org.apache.xerces.internal.dom.NodeImpl.getUserData(Ljava/lang/String;)Ljava/lang/Object; @ 1
Event: 3494.678 Thread 0x00000000280a2000 Uncommon trap: reason=class_check action=maybe_recompile pc=0x00000000056b5810 method=com.sun.org.apache.xerces.internal.dom.NodeImpl.getUserData(Ljava/lang/String;)Ljava/lang/Object; @ 1
Event: 3494.681 Thread 0x00000000280a2000 Uncommon trap: reason=bimorphic action=maybe_recompile pc=0x0000000005554820 method=com.sun.org.apache.xerces.internal.dom.AttributeMap.setNamedItem(Lorg/w3c/dom/Node;)Lorg/w3c/dom/Node; @ 4
Event: 3494.682 Thread 0x00000000280a2000 Uncommon trap: reason=class_check action=maybe_recompile pc=0x00000000056b5810 method=com.sun.org.apache.xerces.internal.dom.NodeImpl.getUserData(Ljava/lang/String;)Ljava/lang/Object; @ 1
Event: 3494.682 Thread 0x00000000280a2000 Uncommon trap: reason=class_check action=maybe_recompile pc=0x00000000056b5810 method=com.sun.org.apache.xerces.internal.dom.NodeImpl.getUserData(Ljava/lang/String;)Ljava/lang/Object; @ 1

Classes redefined (0 events):
No events

Internal exceptions (10 events):
Event: 3493.749 Thread 0x00000000280a2000 Exception <a 'java/lang/NoSuchMethodError': <clinit>> (0x00000000d67c8df0) thrown at [C:\src\AOSP-openjdk-git\hotspot\src\share\vm\prims\jni.cpp, line 1615]
Event: 3493.750 Thread 0x00000000280a2000 Exception <a 'java/lang/NoSuchMethodError': <clinit>> (0x00000000d67e02d8) thrown at [C:\src\AOSP-openjdk-git\hotspot\src\share\vm\prims\jni.cpp, line 1615]
Event: 3493.750 Thread 0x00000000280a2000 Exception <a 'java/lang/NoSuchMethodError': <clinit>> (0x00000000d67f5cf0) thrown at [C:\src\AOSP-openjdk-git\hotspot\src\share\vm\prims\jni.cpp, line 1615]
Event: 3493.751 Thread 0x00000000280a2000 Exception <a 'java/lang/NoSuchMethodError': <clinit>> (0x00000000d6809610) thrown at [C:\src\AOSP-openjdk-git\hotspot\src\share\vm\prims\jni.cpp, line 1615]
Event: 3493.752 Thread 0x00000000280a2000 Exception <a 'java/lang/NoSuchMethodError': <clinit>> (0x00000000d6829330) thrown at [C:\src\AOSP-openjdk-git\hotspot\src\share\vm\prims\jni.cpp, line 1615]
Event: 3493.753 Thread 0x00000000280a2000 Exception <a 'java/lang/NoSuchMethodError': <clinit>> (0x00000000d683c9b0) thrown at [C:\src\AOSP-openjdk-git\hotspot\src\share\vm\prims\jni.cpp, line 1615]
Event: 3493.922 Thread 0x00000000280a5000 Exception <a 'java/io/FileNotFoundException'> (0x00000000d6e260a8) thrown at [C:\src\AOSP-openjdk-git\hotspot\src\share\vm\prims\jni.cpp, line 710]
Event: 3494.019 Thread 0x00000000280a5000 Exception <a 'java/io/FileNotFoundException'> (0x00000000d6f8e788) thrown at [C:\src\AOSP-openjdk-git\hotspot\src\share\vm\prims\jni.cpp, line 710]
Event: 3494.673 Thread 0x00000000280a2000 Implicit null exception at 0x00000000056d8197 to 0x00000000056d84e5
Event: 3494.675 Thread 0x00000000280a0800 Implicit null exception at 0x0000000002ea6481 to 0x0000000002ea6c59

Events (10 events):
Event: 3494.827 loading class javax/imageio/ImageIO$CanEncodeImageAndFormatFilter done
Event: 3494.828 loading class javax/imageio/spi/PartialOrderIterator
Event: 3494.828 loading class javax/imageio/spi/PartialOrderIterator done
Event: 3494.828 loading class javax/imageio/spi/FilterIterator
Event: 3494.828 loading class javax/imageio/spi/FilterIterator done
Event: 3494.828 loading class javax/imageio/ImageIO$ImageWriterIterator
Event: 3494.828 loading class javax/imageio/ImageIO$ImageWriterIterator done
Event: 3494.828 loading class com/sun/imageio/plugins/png/PNGImageWriter
Event: 3494.833 Thread 0x00000000280a0800 DEOPT PACKING pc=0x0000000003a58bf0 sp=0x000000002e3ddef0
Event: 3494.833 Thread 0x00000000280a0800 DEOPT UNPACKING pc=0x00000000027475d0 sp=0x000000002e3ddc28 mode 0


Dynamic libraries:
0x00007ff625680000 - 0x00007ff6256b1000 	C:\Program Files\Android\Android Studio\jre\bin\java.exe
0x00007ffe667b0000 - 0x00007ffe6695d000 	C:\Windows\SYSTEM32\ntdll.dll
0x00007ffe64500000 - 0x00007ffe6463e000 	C:\Windows\system32\KERNEL32.DLL
0x00007ffe63c30000 - 0x00007ffe63d45000 	C:\Windows\system32\KERNELBASE.dll
0x00007ffe65fa0000 - 0x00007ffe6604a000 	C:\Windows\system32\ADVAPI32.dll
0x00007ffe640c0000 - 0x00007ffe64237000 	C:\Windows\system32\USER32.dll
0x00007ffe63210000 - 0x00007ffe6348b000 	C:\Windows\WinSxS\amd64_microsoft.windows.common-controls_6595b64144ccf1df_6.0.9600.18006_none_623f33d3ecbe86e8\COMCTL32.dll
0x00007ffe65ef0000 - 0x00007ffe65f9a000 	C:\Windows\system32\msvcrt.dll
0x00007ffe65cd0000 - 0x00007ffe65d29000 	C:\Windows\SYSTEM32\sechost.dll
0x00007ffe66050000 - 0x00007ffe66190000 	C:\Windows\system32\RPCRT4.dll
0x00007ffe64640000 - 0x00007ffe6478f000 	C:\Windows\system32\GDI32.dll
0x00007ffe63d50000 - 0x00007ffe63d7e000 	C:\Windows\system32\SspiCli.dll
0x00007ffe664d0000 - 0x00007ffe66506000 	C:\Windows\system32\IMM32.DLL
0x00007ffe63e30000 - 0x00007ffe63f82000 	C:\Windows\system32\MSCTF.dll
0x0000000065b90000 - 0x0000000065c62000 	C:\Program Files\Android\Android Studio\jre\jre\bin\msvcr100.dll
0x0000000064510000 - 0x0000000064d5b000 	C:\Program Files\Android\Android Studio\jre\jre\bin\server\jvm.dll
0x00007ffe5e720000 - 0x00007ffe5e729000 	C:\Windows\SYSTEM32\WSOCK32.dll
0x00007ffe5e370000 - 0x00007ffe5e392000 	C:\Windows\SYSTEM32\WINMM.dll
0x00007ffe61ac0000 - 0x00007ffe61aca000 	C:\Windows\SYSTEM32\VERSION.dll
0x00007ffe66510000 - 0x00007ffe66517000 	C:\Windows\system32\PSAPI.DLL
0x00007ffe661b0000 - 0x00007ffe6620a000 	C:\Windows\system32\WS2_32.dll
0x00007ffe5e340000 - 0x00007ffe5e36a000 	C:\Windows\SYSTEM32\WINMMBASE.dll
0x00007ffe66210000 - 0x00007ffe66219000 	C:\Windows\system32\NSI.dll
0x00007ffe63be0000 - 0x00007ffe63c2f000 	C:\Windows\SYSTEM32\cfgmgr32.dll
0x00007ffe61e40000 - 0x00007ffe61e68000 	C:\Windows\SYSTEM32\DEVOBJ.dll
0x00007ffe612c0000 - 0x00007ffe612cf000 	C:\Program Files\Android\Android Studio\jre\jre\bin\verify.dll
0x00007ffe53030000 - 0x00007ffe53059000 	C:\Program Files\Android\Android Studio\jre\jre\bin\java.dll
0x00007ffe59a10000 - 0x00007ffe59a26000 	C:\Program Files\Android\Android Studio\jre\jre\bin\zip.dll
0x00007ffe64790000 - 0x00007ffe65cb8000 	C:\Windows\system32\SHELL32.dll
0x00007ffe66590000 - 0x00007ffe667a1000 	C:\Windows\SYSTEM32\combase.dll
0x00007ffe64300000 - 0x00007ffe64354000 	C:\Windows\system32\SHLWAPI.dll
0x00007ffe62890000 - 0x00007ffe62942000 	C:\Windows\SYSTEM32\SHCORE.dll
0x00007ffe638d0000 - 0x00007ffe638e5000 	C:\Windows\SYSTEM32\profapi.dll
0x00007ffe59660000 - 0x00007ffe5967a000 	C:\Program Files\Android\Android Studio\jre\jre\bin\net.dll
0x00007ffe62d80000 - 0x00007ffe62dd9000 	C:\Windows\system32\mswsock.dll
0x00007ffe53250000 - 0x00007ffe53263000 	C:\Program Files\Android\Android Studio\jre\jre\bin\nio.dll
0x00007ffe53330000 - 0x00007ffe53357000 	C:\Users\Bhavesh Wadhia\.gradle\native\f6784746aeab05261644944871eae4fe03e0ef1612fff0a4a95f87b438bc6780\windows-amd64\native-platform.dll
0x00007ffe5d5a0000 - 0x00007ffe5d5ad000 	C:\Program Files\Android\Android Studio\jre\jre\bin\management.dll
0x00007ffe62de0000 - 0x00007ffe62e00000 	C:\Windows\SYSTEM32\CRYPTSP.dll
0x00007ffe62a00000 - 0x00007ffe62a36000 	C:\Windows\system32\rsaenh.dll
0x00007ffe630a0000 - 0x00007ffe630c6000 	C:\Windows\SYSTEM32\bcrypt.dll
0x00007ffe62b10000 - 0x00007ffe62b31000 	C:\Windows\SYSTEM32\USERENV.dll
0x00007ffe63730000 - 0x00007ffe63793000 	C:\Windows\system32\bcryptprimitives.dll
0x00007ffe637a0000 - 0x00007ffe637ab000 	C:\Windows\SYSTEM32\CRYPTBASE.dll
0x00007ffe5dd10000 - 0x00007ffe5dd3a000 	C:\Windows\SYSTEM32\IPHLPAPI.DLL
0x00007ffe5dcb0000 - 0x00007ffe5dcba000 	C:\Windows\SYSTEM32\WINNSI.DLL
0x00007ffe5d080000 - 0x00007ffe5d096000 	C:\Windows\SYSTEM32\dhcpcsvc6.DLL
0x00007ffe5d950000 - 0x00007ffe5d96a000 	C:\Windows\SYSTEM32\dhcpcsvc.DLL
0x00007ffe43300000 - 0x00007ffe4349c000 	C:\Program Files\Android\Android Studio\jre\jre\bin\awt.dll
0x00007ffe623c0000 - 0x00007ffe623e1000 	C:\Windows\SYSTEM32\dwmapi.dll
0x00007ffe66400000 - 0x00007ffe664c6000 	C:\Windows\system32\OLEAUT32.dll
0x00007ffe581b0000 - 0x00007ffe58631000 	C:\Windows\SYSTEM32\d2d1.dll
0x00007ffe61520000 - 0x00007ffe615ae000 	C:\Windows\system32\apphelp.dll
0x00007ffe621d0000 - 0x00007ffe622f9000 	C:\Windows\system32\uxtheme.dll

VM Arguments:
jvm_args: -Xmx2048m -Dfile.encoding=UTF-8 -Duser.country=IN -Duser.language=en -Duser.variant 
java_command: org.gradle.launcher.daemon.bootstrap.GradleDaemon 6.5
java_class_path (initial): C:\Users\Bhavesh Wadhia\.gradle\wrapper\dists\gradle-6.5-all\2oz4ud9k3tuxjg84bbf55q0tn\gradle-6.5\lib\gradle-launcher-6.5.jar
Launcher Type: SUN_STANDARD

Environment Variables:
PATH=C:\Program Files (x86)\Common Files\Oracle\Java\javapath;C:\ProgramData\Oracle\Java\javapath;C:\Program Files (x86)\Intel\iCLS Client\;C:\Program Files\Intel\iCLS Client\;C:\Windows\system32;C:\Windows;C:\Windows\System32\Wbem;C:\Windows\System32\WindowsPowerShell\v1.0\;C:\Program Files (x86)\Windows Live\Shared;C:\Program Files\Intel\Intel(R) Management Engine Components\DAL;C:\Program Files\Intel\Intel(R) Management Engine Components\IPT;C:\Program Files (x86)\Intel\Intel(R) Management Engine Components\DAL;C:\Program Files (x86)\Intel\Intel(R) Management Engine Components\IPT;C:\Program Files (x86)\Common Files\lenovo\easyplussdk\bin;C:\Program Files\nodejs\;c:\Program Files (x86)\Microsoft SQL Server\100\Tools\Binn\VSShell\Common7\IDE\;c:\Program Files (x86)\Microsoft SQL Server\100\Tools\Binn\;c:\Program Files\Microsoft SQL Server\100\Tools\Binn\;c:\Program Files (x86)\Microsoft SQL Server\100\DTS\Binn\;c:\Program Files\Microsoft SQL Server\100\DTS\Binn\;C:\Program Files\Microsoft SQL Server\130\Tools\Binn\;C:\Program Files\dotnet\;C:\Program Files\Microsoft SQL Server\Client SDK\ODBC\170\Tools\Binn\;C:\Program Files (x86)\Microsoft SQL Server\110\DTS\Binn\;C:\Program Files (x86)\Microsoft SQL Server\120\DTS\Binn\;C:\Program Files (x86)\Microsoft SQL Server\130\DTS\Binn\;C:\Program Files (x86)\Microsoft SQL Server\140\DTS\Binn\;C:\Program Files (x86)\Microsoft SQL Server\150\DTS\Binn\;C:\Program Files\Git\cmd;C:\Users\Bhavesh Wadhia\AppData\Local\Programs\Microsoft VS Code\bin;C:\Users\Bhavesh Wadhia\AppData\Roaming\npm;C:\Users\Bhavesh Wadhia\.dotnet\tools
USERNAME=Bhavesh Wadhia
OS=Windows_NT
PROCESSOR_IDENTIFIER=Intel64 Family 6 Model 58 Stepping 9, GenuineIntel



---------------  S Y S T E M  ---------------

OS: Windows 8.1 , 64 bit Build 9600 (6.3.9600.17415)

CPU:total 4 (initial active 4) (2 cores per cpu, 2 threads per core) family 6 model 58 stepping 9, cmov, cx8, fxsr, mmx, sse, sse2, sse3, ssse3, sse4.1, sse4.2, popcnt, avx, clmul, erms, ht, tsc, tscinvbit, tscinv

Memory: 4k page, physical 4083992k(678312k free), swap 8278296k(2700k free)

vm_info: OpenJDK 64-Bit Server VM (25.242-b01) for windows-amd64 JRE (1.8.0_242-release-1644-b01), built by "builder" with MS VC++ 10.0 (VS2010)

time: Mon May 24 22:33:14 2021
timezone: India Standard Time
elapsed time: 3494 seconds (0d 0h 58m 14s)

